CRITICAL - 2024-10-07 14:47:50 --> ParseError: syntax error, unexpected token "public", expecting end of file
[Method: GET, Route: usuarios]
in APPPATH\Controllers\UsuarioController.php on line 8.
 1 SYSTEMPATH\Autoloader\Autoloader.php(296): CodeIgniter\Autoloader\Autoloader->includeFile('C:\\laragon\\www\\fotobook\\app\\Controllers\\UsuarioController.php')
 2 SYSTEMPATH\Autoloader\Autoloader.php(272): CodeIgniter\Autoloader\Autoloader->loadInNamespace('App\\Controllers\\UsuarioController')
 3 [internal function]: CodeIgniter\Autoloader\Autoloader->loadClass('App\\Controllers\\UsuarioController')
 4 SYSTEMPATH\CodeIgniter.php(887): class_exists('\\App\\Controllers\\UsuarioController', true)
 5 SYSTEMPATH\CodeIgniter.php(496): CodeIgniter\CodeIgniter->startController()
 6 SYSTEMPATH\CodeIgniter.php(355): CodeIgniter\CodeIgniter->handleRequest(null, Object(Config\Cache), false)
 7 SYSTEMPATH\Boot.php(325): CodeIgniter\CodeIgniter->run()
 8 SYSTEMPATH\Boot.php(67): CodeIgniter\Boot::runCodeIgniter(Object(CodeIgniter\CodeIgniter))
 9 FCPATH\index.php(56): CodeIgniter\Boot::bootWeb(Object(Config\Paths))
CRITICAL - 2024-10-07 14:49:21 --> ParseError: syntax error, unexpected token "public"
[Method: GET, Route: usuarios]
in APPPATH\Controllers\UsuarioController.php on line 35.
 1 SYSTEMPATH\Autoloader\Autoloader.php(296): CodeIgniter\Autoloader\Autoloader->includeFile('C:\\laragon\\www\\fotobook\\app\\Controllers\\UsuarioController.php')
 2 SYSTEMPATH\Autoloader\Autoloader.php(272): CodeIgniter\Autoloader\Autoloader->loadInNamespace('App\\Controllers\\UsuarioController')
 3 [internal function]: CodeIgniter\Autoloader\Autoloader->loadClass('App\\Controllers\\UsuarioController')
 4 SYSTEMPATH\CodeIgniter.php(887): class_exists('\\App\\Controllers\\UsuarioController', true)
 5 SYSTEMPATH\CodeIgniter.php(496): CodeIgniter\CodeIgniter->startController()
 6 SYSTEMPATH\CodeIgniter.php(355): CodeIgniter\CodeIgniter->handleRequest(null, Object(Config\Cache), false)
 7 SYSTEMPATH\Boot.php(325): CodeIgniter\CodeIgniter->run()
 8 SYSTEMPATH\Boot.php(67): CodeIgniter\Boot::runCodeIgniter(Object(CodeIgniter\CodeIgniter))
 9 FCPATH\index.php(56): CodeIgniter\Boot::bootWeb(Object(Config\Paths))
CRITICAL - 2024-10-07 14:49:53 --> Error: Class "AppControllers\BaseController" not found
[Method: GET, Route: usuarios]
in APPPATH\Controllers\UsuarioController.php on line 6.
 1 SYSTEMPATH\Autoloader\Autoloader.php(317): include_once()
 2 SYSTEMPATH\Autoloader\Autoloader.php(296): CodeIgniter\Autoloader\Autoloader->includeFile('C:\\laragon\\www\\fotobook\\app\\Controllers\\UsuarioController.php')
 3 SYSTEMPATH\Autoloader\Autoloader.php(272): CodeIgniter\Autoloader\Autoloader->loadInNamespace('App\\Controllers\\UsuarioController')
 4 [internal function]: CodeIgniter\Autoloader\Autoloader->loadClass('App\\Controllers\\UsuarioController')
 5 SYSTEMPATH\CodeIgniter.php(887): class_exists('\\App\\Controllers\\UsuarioController', true)
 6 SYSTEMPATH\CodeIgniter.php(496): CodeIgniter\CodeIgniter->startController()
 7 SYSTEMPATH\CodeIgniter.php(355): CodeIgniter\CodeIgniter->handleRequest(null, Object(Config\Cache), false)
 8 SYSTEMPATH\Boot.php(325): CodeIgniter\CodeIgniter->run()
 9 SYSTEMPATH\Boot.php(67): CodeIgniter\Boot::runCodeIgniter(Object(CodeIgniter\CodeIgniter))
10 FCPATH\index.php(56): CodeIgniter\Boot::bootWeb(Object(Config\Paths))
CRITICAL - 2024-10-07 14:50:39 --> Error: Call to undefined function App\Controllers\UsuarioModel()
[Method: GET, Route: usuarios]
in APPPATH\Controllers\UsuarioController.php on line 10.
 1 SYSTEMPATH\CodeIgniter.php(933): App\Controllers\UsuarioController->index()
 2 SYSTEMPATH\CodeIgniter.php(509): CodeIgniter\CodeIgniter->runController(Object(App\Controllers\UsuarioController))
 3 SYSTEMPATH\CodeIgniter.php(355): CodeIgniter\CodeIgniter->handleRequest(null, Object(Config\Cache), false)
 4 SYSTEMPATH\Boot.php(325): CodeIgniter\CodeIgniter->run()
 5 SYSTEMPATH\Boot.php(67): CodeIgniter\Boot::runCodeIgniter(Object(CodeIgniter\CodeIgniter))
 6 FCPATH\index.php(56): CodeIgniter\Boot::bootWeb(Object(Config\Paths))
ERROR - 2024-10-07 14:50:59 --> Error connecting to the database: mysqli_sql_exception: Access denied for user 'ugsjwgu5z7wgt'@'%.%.%.%' to database 'dbhggkubvmugoy;FotobookDb' in C:\laragon\www\fotobook\system\Database\MySQLi\Connection.php:187
Stack trace:
#0 C:\laragon\www\fotobook\system\Database\MySQLi\Connection.php(187): mysqli->real_connect('arturosaiza.com', 'ugsjwgu5z7wgt', 'guarache', 'dbhggkubvmugoy;...', 3306, '', 0)
#1 C:\laragon\www\fotobook\system\Database\BaseConnection.php(421): CodeIgniter\Database\MySQLi\Connection->connect(false)
#2 C:\laragon\www\fotobook\system\Database\BaseConnection.php(616): CodeIgniter\Database\BaseConnection->initialize()
#3 C:\laragon\www\fotobook\system\Database\BaseBuilder.php(1644): CodeIgniter\Database\BaseConnection->query('SELECT *\nFROM `...', Array, false)
#4 C:\laragon\www\fotobook\system\Model.php(286): CodeIgniter\Database\BaseBuilder->get()
#5 C:\laragon\www\fotobook\system\BaseModel.php(676): CodeIgniter\Model->doFindAll(0, 0)
#6 C:\laragon\www\fotobook\app\Controllers\UsuarioController.php(12): CodeIgniter\BaseModel->findAll()
#7 C:\laragon\www\fotobook\system\CodeIgniter.php(933): App\Controllers\UsuarioController->index()
#8 C:\laragon\www\fotobook\system\CodeIgniter.php(509): CodeIgniter\CodeIgniter->runController(Object(App\Controllers\UsuarioController))
#9 C:\laragon\www\fotobook\system\CodeIgniter.php(355): CodeIgniter\CodeIgniter->handleRequest(NULL, Object(Config\Cache), false)
#10 C:\laragon\www\fotobook\system\Boot.php(325): CodeIgniter\CodeIgniter->run()
#11 C:\laragon\www\fotobook\system\Boot.php(67): CodeIgniter\Boot::runCodeIgniter(Object(CodeIgniter\CodeIgniter))
#12 C:\laragon\www\fotobook\public\index.php(56): CodeIgniter\Boot::bootWeb(Object(Config\Paths))
#13 {main}

Next CodeIgniter\Database\Exceptions\DatabaseException: Access denied for user '****'@'%.%.%.%' to database 'dbhggkubvmugoy;FotobookDb' in C:\laragon\www\fotobook\system\Database\MySQLi\Connection.php:231
Stack trace:
#0 C:\laragon\www\fotobook\system\Database\BaseConnection.php(421): CodeIgniter\Database\MySQLi\Connection->connect(false)
#1 C:\laragon\www\fotobook\system\Database\BaseConnection.php(616): CodeIgniter\Database\BaseConnection->initialize()
#2 C:\laragon\www\fotobook\system\Database\BaseBuilder.php(1644): CodeIgniter\Database\BaseConnection->query('SELECT *\nFROM `...', Array, false)
#3 C:\laragon\www\fotobook\system\Model.php(286): CodeIgniter\Database\BaseBuilder->get()
#4 C:\laragon\www\fotobook\system\BaseModel.php(676): CodeIgniter\Model->doFindAll(0, 0)
#5 C:\laragon\www\fotobook\app\Controllers\UsuarioController.php(12): CodeIgniter\BaseModel->findAll()
#6 C:\laragon\www\fotobook\system\CodeIgniter.php(933): App\Controllers\UsuarioController->index()
#7 C:\laragon\www\fotobook\system\CodeIgniter.php(509): CodeIgniter\CodeIgniter->runController(Object(App\Controllers\UsuarioController))
#8 C:\laragon\www\fotobook\system\CodeIgniter.php(355): CodeIgniter\CodeIgniter->handleRequest(NULL, Object(Config\Cache), false)
#9 C:\laragon\www\fotobook\system\Boot.php(325): CodeIgniter\CodeIgniter->run()
#10 C:\laragon\www\fotobook\system\Boot.php(67): CodeIgniter\Boot::runCodeIgniter(Object(CodeIgniter\CodeIgniter))
#11 C:\laragon\www\fotobook\public\index.php(56): CodeIgniter\Boot::bootWeb(Object(Config\Paths))
#12 {main}
CRITICAL - 2024-10-07 14:50:59 --> CodeIgniter\Database\Exceptions\DatabaseException: Unable to connect to the database.
Main connection [MySQLi]: Access denied for user '****'@'%.%.%.%' to database 'dbhggkubvmugoy;FotobookDb'
[Method: GET, Route: usuarios]
in SYSTEMPATH\Database\BaseConnection.php on line 467.
 1 SYSTEMPATH\Database\BaseConnection.php(616): CodeIgniter\Database\BaseConnection->initialize()
 2 SYSTEMPATH\Database\BaseBuilder.php(1644): CodeIgniter\Database\BaseConnection->query('SELECT *
FROM `usuarios`', [], false)
 3 SYSTEMPATH\Model.php(286): CodeIgniter\Database\BaseBuilder->get()
 4 SYSTEMPATH\BaseModel.php(676): CodeIgniter\Model->doFindAll(0, 0)
 5 APPPATH\Controllers\UsuarioController.php(12): CodeIgniter\BaseModel->findAll()
 6 SYSTEMPATH\CodeIgniter.php(933): App\Controllers\UsuarioController->index()
 7 SYSTEMPATH\CodeIgniter.php(509): CodeIgniter\CodeIgniter->runController(Object(App\Controllers\UsuarioController))
 8 SYSTEMPATH\CodeIgniter.php(355): CodeIgniter\CodeIgniter->handleRequest(null, Object(Config\Cache), false)
 9 SYSTEMPATH\Boot.php(325): CodeIgniter\CodeIgniter->run()
10 SYSTEMPATH\Boot.php(67): CodeIgniter\Boot::runCodeIgniter(Object(CodeIgniter\CodeIgniter))
11 FCPATH\index.php(56): CodeIgniter\Boot::bootWeb(Object(Config\Paths))
CRITICAL - 2024-10-07 14:51:25 --> ErrorException: Undefined variable $br
[Method: GET, Route: usuarios]
in APPPATH\Controllers\UsuarioController.php on line 16.
 1 APPPATH\Controllers\UsuarioController.php(16): CodeIgniter\Debug\Exceptions->errorHandler(2, 'Undefined variable $br', 'C:\\laragon\\www\\fotobook\\app\\Controllers\\UsuarioController.php', 16)
 2 SYSTEMPATH\CodeIgniter.php(933): App\Controllers\UsuarioController->index()
 3 SYSTEMPATH\CodeIgniter.php(509): CodeIgniter\CodeIgniter->runController(Object(App\Controllers\UsuarioController))
 4 SYSTEMPATH\CodeIgniter.php(355): CodeIgniter\CodeIgniter->handleRequest(null, Object(Config\Cache), false)
 5 SYSTEMPATH\Boot.php(325): CodeIgniter\CodeIgniter->run()
 6 SYSTEMPATH\Boot.php(67): CodeIgniter\Boot::runCodeIgniter(Object(CodeIgniter\CodeIgniter))
 7 FCPATH\index.php(56): CodeIgniter\Boot::bootWeb(Object(Config\Paths))
