CRITICAL - 2024-12-04 03:13:39 --> CodeIgniter\View\Exceptions\ViewException: Invalid file: "fotografia/index.php"
[Method: GET, Route: fotografias]
in SYSTEMPATH\Exceptions\FrameworkException.php on line 41.
 1 SYSTEMPATH\View\View.php(222): CodeIgniter\Exceptions\FrameworkException::forInvalidFile('fotografia/index.php')
 2 SYSTEMPATH\Common.php(1171): CodeIgniter\View\View->render('fotografia/index', [], true)
 3 APPPATH\Controllers\FotografiaController.php(27): view('fotografia/index', [...])
 4 SYSTEMPATH\CodeIgniter.php(933): App\Controllers\FotografiaController->index()
 5 SYSTEMPATH\CodeIgniter.php(509): CodeIgniter\CodeIgniter->runController(Object(App\Controllers\FotografiaController))
 6 SYSTEMPATH\CodeIgniter.php(355): CodeIgniter\CodeIgniter->handleRequest(null, Object(Config\Cache), false)
 7 SYSTEMPATH\Boot.php(325): CodeIgniter\CodeIgniter->run()
 8 SYSTEMPATH\Boot.php(67): CodeIgniter\Boot::runCodeIgniter(Object(CodeIgniter\CodeIgniter))
 9 FCPATH\index.php(56): CodeIgniter\Boot::bootWeb(Object(Config\Paths))
CRITICAL - 2024-12-04 03:13:54 --> CodeIgniter\View\Exceptions\ViewException: Invalid file: "fotografia/index.php"
[Method: GET, Route: fotografias]
in SYSTEMPATH\Exceptions\FrameworkException.php on line 41.
 1 SYSTEMPATH\View\View.php(222): CodeIgniter\Exceptions\FrameworkException::forInvalidFile('fotografia/index.php')
 2 SYSTEMPATH\Common.php(1171): CodeIgniter\View\View->render('fotografia/index', [], true)
 3 APPPATH\Controllers\FotografiaController.php(27): view('fotografia/index', [...])
 4 SYSTEMPATH\CodeIgniter.php(933): App\Controllers\FotografiaController->index()
 5 SYSTEMPATH\CodeIgniter.php(509): CodeIgniter\CodeIgniter->runController(Object(App\Controllers\FotografiaController))
 6 SYSTEMPATH\CodeIgniter.php(355): CodeIgniter\CodeIgniter->handleRequest(null, Object(Config\Cache), false)
 7 SYSTEMPATH\Boot.php(325): CodeIgniter\CodeIgniter->run()
 8 SYSTEMPATH\Boot.php(67): CodeIgniter\Boot::runCodeIgniter(Object(CodeIgniter\CodeIgniter))
 9 FCPATH\index.php(56): CodeIgniter\Boot::bootWeb(Object(Config\Paths))
CRITICAL - 2024-12-04 03:15:49 --> ParseError: Unclosed '{' on line 6
[Method: GET, Route: fotografias]
in APPPATH\Controllers\FotografiasController.php on line 104.
 1 SYSTEMPATH\Autoloader\Autoloader.php(296): CodeIgniter\Autoloader\Autoloader->includeFile('C:\\laragon\\www\\fotobook\\app\\Controllers\\FotografiasController.php')
 2 SYSTEMPATH\Autoloader\Autoloader.php(272): CodeIgniter\Autoloader\Autoloader->loadInNamespace('App\\Controllers\\FotografiasController')
 3 [internal function]: CodeIgniter\Autoloader\Autoloader->loadClass('App\\Controllers\\FotografiasController')
 4 SYSTEMPATH\CodeIgniter.php(887): class_exists('\\App\\Controllers\\FotografiasController', true)
 5 SYSTEMPATH\CodeIgniter.php(496): CodeIgniter\CodeIgniter->startController()
 6 SYSTEMPATH\CodeIgniter.php(355): CodeIgniter\CodeIgniter->handleRequest(null, Object(Config\Cache), false)
 7 SYSTEMPATH\Boot.php(325): CodeIgniter\CodeIgniter->run()
 8 SYSTEMPATH\Boot.php(67): CodeIgniter\Boot::runCodeIgniter(Object(CodeIgniter\CodeIgniter))
 9 FCPATH\index.php(56): CodeIgniter\Boot::bootWeb(Object(Config\Paths))
CRITICAL - 2024-12-04 03:17:30 --> ParseError: Unclosed '{' on line 6
[Method: GET, Route: fotografias]
in APPPATH\Controllers\FotografiasController.php on line 104.
 1 SYSTEMPATH\Autoloader\Autoloader.php(296): CodeIgniter\Autoloader\Autoloader->includeFile('C:\\laragon\\www\\fotobook\\app\\Controllers\\FotografiasController.php')
 2 SYSTEMPATH\Autoloader\Autoloader.php(272): CodeIgniter\Autoloader\Autoloader->loadInNamespace('App\\Controllers\\FotografiasController')
 3 [internal function]: CodeIgniter\Autoloader\Autoloader->loadClass('App\\Controllers\\FotografiasController')
 4 SYSTEMPATH\CodeIgniter.php(887): class_exists('\\App\\Controllers\\FotografiasController', true)
 5 SYSTEMPATH\CodeIgniter.php(496): CodeIgniter\CodeIgniter->startController()
 6 SYSTEMPATH\CodeIgniter.php(355): CodeIgniter\CodeIgniter->handleRequest(null, Object(Config\Cache), false)
 7 SYSTEMPATH\Boot.php(325): CodeIgniter\CodeIgniter->run()
 8 SYSTEMPATH\Boot.php(67): CodeIgniter\Boot::runCodeIgniter(Object(CodeIgniter\CodeIgniter))
 9 FCPATH\index.php(56): CodeIgniter\Boot::bootWeb(Object(Config\Paths))
CRITICAL - 2024-12-04 03:17:43 --> ParseError: Unclosed '{' on line 6
[Method: GET, Route: fotografias]
in APPPATH\Controllers\FotografiasController.php on line 104.
 1 SYSTEMPATH\Autoloader\Autoloader.php(296): CodeIgniter\Autoloader\Autoloader->includeFile('C:\\laragon\\www\\fotobook\\app\\Controllers\\FotografiasController.php')
 2 SYSTEMPATH\Autoloader\Autoloader.php(272): CodeIgniter\Autoloader\Autoloader->loadInNamespace('App\\Controllers\\FotografiasController')
 3 [internal function]: CodeIgniter\Autoloader\Autoloader->loadClass('App\\Controllers\\FotografiasController')
 4 SYSTEMPATH\CodeIgniter.php(887): class_exists('\\App\\Controllers\\FotografiasController', true)
 5 SYSTEMPATH\CodeIgniter.php(496): CodeIgniter\CodeIgniter->startController()
 6 SYSTEMPATH\CodeIgniter.php(355): CodeIgniter\CodeIgniter->handleRequest(null, Object(Config\Cache), false)
 7 SYSTEMPATH\Boot.php(325): CodeIgniter\CodeIgniter->run()
 8 SYSTEMPATH\Boot.php(67): CodeIgniter\Boot::runCodeIgniter(Object(CodeIgniter\CodeIgniter))
 9 FCPATH\index.php(56): CodeIgniter\Boot::bootWeb(Object(Config\Paths))
CRITICAL - 2024-12-04 03:18:44 --> ParseError: Unclosed '{' on line 6
[Method: GET, Route: fotografias]
in APPPATH\Controllers\FotografiasController.php on line 104.
 1 SYSTEMPATH\Autoloader\Autoloader.php(296): CodeIgniter\Autoloader\Autoloader->includeFile('C:\\laragon\\www\\fotobook\\app\\Controllers\\FotografiasController.php')
 2 SYSTEMPATH\Autoloader\Autoloader.php(272): CodeIgniter\Autoloader\Autoloader->loadInNamespace('App\\Controllers\\FotografiasController')
 3 [internal function]: CodeIgniter\Autoloader\Autoloader->loadClass('App\\Controllers\\FotografiasController')
 4 SYSTEMPATH\CodeIgniter.php(887): class_exists('\\App\\Controllers\\FotografiasController', true)
 5 SYSTEMPATH\CodeIgniter.php(496): CodeIgniter\CodeIgniter->startController()
 6 SYSTEMPATH\CodeIgniter.php(355): CodeIgniter\CodeIgniter->handleRequest(null, Object(Config\Cache), false)
 7 SYSTEMPATH\Boot.php(325): CodeIgniter\CodeIgniter->run()
 8 SYSTEMPATH\Boot.php(67): CodeIgniter\Boot::runCodeIgniter(Object(CodeIgniter\CodeIgniter))
 9 FCPATH\index.php(56): CodeIgniter\Boot::bootWeb(Object(Config\Paths))
CRITICAL - 2024-12-04 03:19:28 --> ParseError: Unclosed '{' on line 6
[Method: GET, Route: fotografias/create]
in APPPATH\Controllers\FotografiasController.php on line 104.
 1 SYSTEMPATH\Autoloader\Autoloader.php(296): CodeIgniter\Autoloader\Autoloader->includeFile('C:\\laragon\\www\\fotobook\\app\\Controllers\\FotografiasController.php')
 2 SYSTEMPATH\Autoloader\Autoloader.php(272): CodeIgniter\Autoloader\Autoloader->loadInNamespace('App\\Controllers\\FotografiasController')
 3 [internal function]: CodeIgniter\Autoloader\Autoloader->loadClass('App\\Controllers\\FotografiasController')
 4 SYSTEMPATH\CodeIgniter.php(887): class_exists('\\App\\Controllers\\FotografiasController', true)
 5 SYSTEMPATH\CodeIgniter.php(496): CodeIgniter\CodeIgniter->startController()
 6 SYSTEMPATH\CodeIgniter.php(355): CodeIgniter\CodeIgniter->handleRequest(null, Object(Config\Cache), false)
 7 SYSTEMPATH\Boot.php(325): CodeIgniter\CodeIgniter->run()
 8 SYSTEMPATH\Boot.php(67): CodeIgniter\Boot::runCodeIgniter(Object(CodeIgniter\CodeIgniter))
 9 FCPATH\index.php(56): CodeIgniter\Boot::bootWeb(Object(Config\Paths))
CRITICAL - 2024-12-04 03:20:10 --> ParseError: Unclosed '{' on line 6
[Method: GET, Route: fotografias]
in APPPATH\Controllers\FotografiasController.php on line 104.
 1 SYSTEMPATH\Autoloader\Autoloader.php(296): CodeIgniter\Autoloader\Autoloader->includeFile('C:\\laragon\\www\\fotobook\\app\\Controllers\\FotografiasController.php')
 2 SYSTEMPATH\Autoloader\Autoloader.php(272): CodeIgniter\Autoloader\Autoloader->loadInNamespace('App\\Controllers\\FotografiasController')
 3 [internal function]: CodeIgniter\Autoloader\Autoloader->loadClass('App\\Controllers\\FotografiasController')
 4 SYSTEMPATH\CodeIgniter.php(887): class_exists('\\App\\Controllers\\FotografiasController', true)
 5 SYSTEMPATH\CodeIgniter.php(496): CodeIgniter\CodeIgniter->startController()
 6 SYSTEMPATH\CodeIgniter.php(355): CodeIgniter\CodeIgniter->handleRequest(null, Object(Config\Cache), false)
 7 SYSTEMPATH\Boot.php(325): CodeIgniter\CodeIgniter->run()
 8 SYSTEMPATH\Boot.php(67): CodeIgniter\Boot::runCodeIgniter(Object(CodeIgniter\CodeIgniter))
 9 FCPATH\index.php(56): CodeIgniter\Boot::bootWeb(Object(Config\Paths))
CRITICAL - 2024-12-04 14:14:30 --> ErrorException: Undefined variable $fotografias
[Method: GET, Route: fotografias]
in APPPATH\Views\fotografias\index.php on line 38.
 1 APPPATH\Views\fotografias\index.php(38): CodeIgniter\Debug\Exceptions->errorHandler(2, 'Undefined variable $fotografias', 'C:\\laragon\\www\\fotobook\\app\\Views\\fotografias\\index.php', 38)
 2 SYSTEMPATH\View\View.php(234): include('C:\\laragon\\www\\fotobook\\app\\Views\\fotografias\\index.php')
 3 SYSTEMPATH\View\View.php(237): CodeIgniter\View\View->CodeIgniter\View\{closure}()
 4 SYSTEMPATH\Common.php(1171): CodeIgniter\View\View->render('fotografias/index', [], true)
 5 APPPATH\Controllers\FotografiaController.php(27): view('fotografias/index', [...])
 6 SYSTEMPATH\CodeIgniter.php(933): App\Controllers\FotografiaController->index()
 7 SYSTEMPATH\CodeIgniter.php(509): CodeIgniter\CodeIgniter->runController(Object(App\Controllers\FotografiaController))
 8 SYSTEMPATH\CodeIgniter.php(355): CodeIgniter\CodeIgniter->handleRequest(null, Object(Config\Cache), false)
 9 SYSTEMPATH\Boot.php(325): CodeIgniter\CodeIgniter->run()
10 SYSTEMPATH\Boot.php(67): CodeIgniter\Boot::runCodeIgniter(Object(CodeIgniter\CodeIgniter))
11 FCPATH\index.php(56): CodeIgniter\Boot::bootWeb(Object(Config\Paths))
CRITICAL - 2024-12-04 14:23:16 --> ErrorException: Undefined array key "id"
[Method: GET, Route: fotografias]
in APPPATH\Views\fotografias\index.php on line 41.
 1 APPPATH\Views\fotografias\index.php(41): CodeIgniter\Debug\Exceptions->errorHandler(2, 'Undefined array key "id"', 'C:\\laragon\\www\\fotobook\\app\\Views\\fotografias\\index.php', 41)
 2 SYSTEMPATH\View\View.php(234): include('C:\\laragon\\www\\fotobook\\app\\Views\\fotografias\\index.php')
 3 SYSTEMPATH\View\View.php(237): CodeIgniter\View\View->CodeIgniter\View\{closure}()
 4 SYSTEMPATH\Common.php(1171): CodeIgniter\View\View->render('fotografias/index', [], true)
 5 APPPATH\Controllers\FotografiaController.php(27): view('fotografias/index', [...])
 6 SYSTEMPATH\CodeIgniter.php(933): App\Controllers\FotografiaController->index()
 7 SYSTEMPATH\CodeIgniter.php(509): CodeIgniter\CodeIgniter->runController(Object(App\Controllers\FotografiaController))
 8 SYSTEMPATH\CodeIgniter.php(355): CodeIgniter\CodeIgniter->handleRequest(null, Object(Config\Cache), false)
 9 SYSTEMPATH\Boot.php(325): CodeIgniter\CodeIgniter->run()
10 SYSTEMPATH\Boot.php(67): CodeIgniter\Boot::runCodeIgniter(Object(CodeIgniter\CodeIgniter))
11 FCPATH\index.php(56): CodeIgniter\Boot::bootWeb(Object(Config\Paths))
CRITICAL - 2024-12-04 14:23:41 --> ErrorException: Undefined array key "id"
[Method: GET, Route: fotografias]
in APPPATH\Views\fotografias\index.php on line 47.
 1 APPPATH\Views\fotografias\index.php(47): CodeIgniter\Debug\Exceptions->errorHandler(2, 'Undefined array key "id"', 'C:\\laragon\\www\\fotobook\\app\\Views\\fotografias\\index.php', 47)
 2 SYSTEMPATH\View\View.php(234): include('C:\\laragon\\www\\fotobook\\app\\Views\\fotografias\\index.php')
 3 SYSTEMPATH\View\View.php(237): CodeIgniter\View\View->CodeIgniter\View\{closure}()
 4 SYSTEMPATH\Common.php(1171): CodeIgniter\View\View->render('fotografias/index', [], true)
 5 APPPATH\Controllers\FotografiaController.php(27): view('fotografias/index', [...])
 6 SYSTEMPATH\CodeIgniter.php(933): App\Controllers\FotografiaController->index()
 7 SYSTEMPATH\CodeIgniter.php(509): CodeIgniter\CodeIgniter->runController(Object(App\Controllers\FotografiaController))
 8 SYSTEMPATH\CodeIgniter.php(355): CodeIgniter\CodeIgniter->handleRequest(null, Object(Config\Cache), false)
 9 SYSTEMPATH\Boot.php(325): CodeIgniter\CodeIgniter->run()
10 SYSTEMPATH\Boot.php(67): CodeIgniter\Boot::runCodeIgniter(Object(CodeIgniter\CodeIgniter))
11 FCPATH\index.php(56): CodeIgniter\Boot::bootWeb(Object(Config\Paths))
CRITICAL - 2024-12-04 14:24:17 --> CodeIgniter\View\Exceptions\ViewException: Invalid file: "fotografia/show.php"
[Method: GET, Route: fotografias/1]
in SYSTEMPATH\Exceptions\FrameworkException.php on line 41.
 1 SYSTEMPATH\View\View.php(222): CodeIgniter\Exceptions\FrameworkException::forInvalidFile('fotografia/show.php')
 2 SYSTEMPATH\Common.php(1171): CodeIgniter\View\View->render('fotografia/show', [], true)
 3 APPPATH\Controllers\FotografiaController.php(38): view('fotografia/show', [...])
 4 SYSTEMPATH\CodeIgniter.php(933): App\Controllers\FotografiaController->show('1')
 5 SYSTEMPATH\CodeIgniter.php(509): CodeIgniter\CodeIgniter->runController(Object(App\Controllers\FotografiaController))
 6 SYSTEMPATH\CodeIgniter.php(355): CodeIgniter\CodeIgniter->handleRequest(null, Object(Config\Cache), false)
 7 SYSTEMPATH\Boot.php(325): CodeIgniter\CodeIgniter->run()
 8 SYSTEMPATH\Boot.php(67): CodeIgniter\Boot::runCodeIgniter(Object(CodeIgniter\CodeIgniter))
 9 FCPATH\index.php(56): CodeIgniter\Boot::bootWeb(Object(Config\Paths))
CRITICAL - 2024-12-04 14:24:22 --> ErrorException: Undefined array key "fotografia"
[Method: GET, Route: fotografias/1/edit]
in APPPATH\Views\fotografias\edit.php on line 18.
 1 APPPATH\Views\fotografias\edit.php(18): CodeIgniter\Debug\Exceptions->errorHandler(2, 'Undefined array key "fotografia"', 'C:\\laragon\\www\\fotobook\\app\\Views\\fotografias\\edit.php', 18)
 2 SYSTEMPATH\View\View.php(234): include('C:\\laragon\\www\\fotobook\\app\\Views\\fotografias\\edit.php')
 3 SYSTEMPATH\View\View.php(237): CodeIgniter\View\View->CodeIgniter\View\{closure}()
 4 SYSTEMPATH\Common.php(1171): CodeIgniter\View\View->render('fotografias/edit', [], true)
 5 APPPATH\Controllers\FotografiaController.php(74): view('fotografias/edit', [...])
 6 SYSTEMPATH\CodeIgniter.php(933): App\Controllers\FotografiaController->edit('1')
 7 SYSTEMPATH\CodeIgniter.php(509): CodeIgniter\CodeIgniter->runController(Object(App\Controllers\FotografiaController))
 8 SYSTEMPATH\CodeIgniter.php(355): CodeIgniter\CodeIgniter->handleRequest(null, Object(Config\Cache), false)
 9 SYSTEMPATH\Boot.php(325): CodeIgniter\CodeIgniter->run()
10 SYSTEMPATH\Boot.php(67): CodeIgniter\Boot::runCodeIgniter(Object(CodeIgniter\CodeIgniter))
11 FCPATH\index.php(56): CodeIgniter\Boot::bootWeb(Object(Config\Paths))
CRITICAL - 2024-12-04 14:24:28 --> CodeIgniter\View\Exceptions\ViewException: Invalid file: "fotografia/create.php"
[Method: GET, Route: fotografias/create]
in SYSTEMPATH\Exceptions\FrameworkException.php on line 41.
 1 SYSTEMPATH\View\View.php(222): CodeIgniter\Exceptions\FrameworkException::forInvalidFile('fotografia/create.php')
 2 SYSTEMPATH\Common.php(1171): CodeIgniter\View\View->render('fotografia/create', [], true)
 3 APPPATH\Controllers\FotografiaController.php(45): view('fotografia/create')
 4 SYSTEMPATH\CodeIgniter.php(933): App\Controllers\FotografiaController->create()
 5 SYSTEMPATH\CodeIgniter.php(509): CodeIgniter\CodeIgniter->runController(Object(App\Controllers\FotografiaController))
 6 SYSTEMPATH\CodeIgniter.php(355): CodeIgniter\CodeIgniter->handleRequest(null, Object(Config\Cache), false)
 7 SYSTEMPATH\Boot.php(325): CodeIgniter\CodeIgniter->run()
 8 SYSTEMPATH\Boot.php(67): CodeIgniter\Boot::runCodeIgniter(Object(CodeIgniter\CodeIgniter))
 9 FCPATH\index.php(56): CodeIgniter\Boot::bootWeb(Object(Config\Paths))
CRITICAL - 2024-12-04 14:26:03 --> CodeIgniter\View\Exceptions\ViewException: Invalid file: "fotografia/create.php"
[Method: GET, Route: fotografias/create]
in SYSTEMPATH\Exceptions\FrameworkException.php on line 41.
 1 SYSTEMPATH\View\View.php(222): CodeIgniter\Exceptions\FrameworkException::forInvalidFile('fotografia/create.php')
 2 SYSTEMPATH\Common.php(1171): CodeIgniter\View\View->render('fotografia/create', [], true)
 3 APPPATH\Controllers\FotografiaController.php(45): view('fotografia/create')
 4 SYSTEMPATH\CodeIgniter.php(933): App\Controllers\FotografiaController->create()
 5 SYSTEMPATH\CodeIgniter.php(509): CodeIgniter\CodeIgniter->runController(Object(App\Controllers\FotografiaController))
 6 SYSTEMPATH\CodeIgniter.php(355): CodeIgniter\CodeIgniter->handleRequest(null, Object(Config\Cache), false)
 7 SYSTEMPATH\Boot.php(325): CodeIgniter\CodeIgniter->run()
 8 SYSTEMPATH\Boot.php(67): CodeIgniter\Boot::runCodeIgniter(Object(CodeIgniter\CodeIgniter))
 9 FCPATH\index.php(56): CodeIgniter\Boot::bootWeb(Object(Config\Paths))
CRITICAL - 2024-12-04 14:26:06 --> CodeIgniter\View\Exceptions\ViewException: Invalid file: "fotografia/show.php"
[Method: GET, Route: fotografias/1]
in SYSTEMPATH\Exceptions\FrameworkException.php on line 41.
 1 SYSTEMPATH\View\View.php(222): CodeIgniter\Exceptions\FrameworkException::forInvalidFile('fotografia/show.php')
 2 SYSTEMPATH\Common.php(1171): CodeIgniter\View\View->render('fotografia/show', [], true)
 3 APPPATH\Controllers\FotografiaController.php(38): view('fotografia/show', [...])
 4 SYSTEMPATH\CodeIgniter.php(933): App\Controllers\FotografiaController->show('1')
 5 SYSTEMPATH\CodeIgniter.php(509): CodeIgniter\CodeIgniter->runController(Object(App\Controllers\FotografiaController))
 6 SYSTEMPATH\CodeIgniter.php(355): CodeIgniter\CodeIgniter->handleRequest(null, Object(Config\Cache), false)
 7 SYSTEMPATH\Boot.php(325): CodeIgniter\CodeIgniter->run()
 8 SYSTEMPATH\Boot.php(67): CodeIgniter\Boot::runCodeIgniter(Object(CodeIgniter\CodeIgniter))
 9 FCPATH\index.php(56): CodeIgniter\Boot::bootWeb(Object(Config\Paths))
CRITICAL - 2024-12-04 14:26:10 --> ParseError: syntax error, unexpected double-quoted string "seleccionada", expecting "," or ";"
[Method: GET, Route: fotografias/1/edit]
in APPPATH\Views\fotografias\edit.php on line 28.
 1 SYSTEMPATH\View\View.php(237): CodeIgniter\View\View->CodeIgniter\View\{closure}()
 2 SYSTEMPATH\Common.php(1171): CodeIgniter\View\View->render('fotografias/edit', [], true)
 3 APPPATH\Controllers\FotografiaController.php(74): view('fotografias/edit', [...])
 4 SYSTEMPATH\CodeIgniter.php(933): App\Controllers\FotografiaController->edit('1')
 5 SYSTEMPATH\CodeIgniter.php(509): CodeIgniter\CodeIgniter->runController(Object(App\Controllers\FotografiaController))
 6 SYSTEMPATH\CodeIgniter.php(355): CodeIgniter\CodeIgniter->handleRequest(null, Object(Config\Cache), false)
 7 SYSTEMPATH\Boot.php(325): CodeIgniter\CodeIgniter->run()
 8 SYSTEMPATH\Boot.php(67): CodeIgniter\Boot::runCodeIgniter(Object(CodeIgniter\CodeIgniter))
 9 FCPATH\index.php(56): CodeIgniter\Boot::bootWeb(Object(Config\Paths))
CRITICAL - 2024-12-04 14:27:18 --> ParseError: syntax error, unexpected double-quoted string "seleccionada", expecting "," or ";"
[Method: GET, Route: fotografias/1/edit]
in APPPATH\Views\fotografias\edit.php on line 28.
 1 SYSTEMPATH\View\View.php(237): CodeIgniter\View\View->CodeIgniter\View\{closure}()
 2 SYSTEMPATH\Common.php(1171): CodeIgniter\View\View->render('fotografias/edit', [], true)
 3 APPPATH\Controllers\FotografiaController.php(74): view('fotografias/edit', [...])
 4 SYSTEMPATH\CodeIgniter.php(933): App\Controllers\FotografiaController->edit('1')
 5 SYSTEMPATH\CodeIgniter.php(509): CodeIgniter\CodeIgniter->runController(Object(App\Controllers\FotografiaController))
 6 SYSTEMPATH\CodeIgniter.php(355): CodeIgniter\CodeIgniter->handleRequest(null, Object(Config\Cache), false)
 7 SYSTEMPATH\Boot.php(325): CodeIgniter\CodeIgniter->run()
 8 SYSTEMPATH\Boot.php(67): CodeIgniter\Boot::runCodeIgniter(Object(CodeIgniter\CodeIgniter))
 9 FCPATH\index.php(56): CodeIgniter\Boot::bootWeb(Object(Config\Paths))
CRITICAL - 2024-12-04 14:28:43 --> ErrorException: Undefined variable $fotografias
[Method: GET, Route: fotografias/1/edit]
in APPPATH\Views\fotografias\edit.php on line 14.
 1 APPPATH\Views\fotografias\edit.php(14): CodeIgniter\Debug\Exceptions->errorHandler(2, 'Undefined variable $fotografias', 'C:\\laragon\\www\\fotobook\\app\\Views\\fotografias\\edit.php', 14)
 2 SYSTEMPATH\View\View.php(234): include('C:\\laragon\\www\\fotobook\\app\\Views\\fotografias\\edit.php')
 3 SYSTEMPATH\View\View.php(237): CodeIgniter\View\View->CodeIgniter\View\{closure}()
 4 SYSTEMPATH\Common.php(1171): CodeIgniter\View\View->render('fotografias/edit', [], true)
 5 APPPATH\Controllers\FotografiaController.php(74): view('fotografias/edit', [...])
 6 SYSTEMPATH\CodeIgniter.php(933): App\Controllers\FotografiaController->edit('1')
 7 SYSTEMPATH\CodeIgniter.php(509): CodeIgniter\CodeIgniter->runController(Object(App\Controllers\FotografiaController))
 8 SYSTEMPATH\CodeIgniter.php(355): CodeIgniter\CodeIgniter->handleRequest(null, Object(Config\Cache), false)
 9 SYSTEMPATH\Boot.php(325): CodeIgniter\CodeIgniter->run()
10 SYSTEMPATH\Boot.php(67): CodeIgniter\Boot::runCodeIgniter(Object(CodeIgniter\CodeIgniter))
11 FCPATH\index.php(56): CodeIgniter\Boot::bootWeb(Object(Config\Paths))
CRITICAL - 2024-12-04 14:29:12 --> ErrorException: Undefined variable $fotografias
[Method: GET, Route: fotografias/1/edit]
in APPPATH\Views\fotografias\edit.php on line 18.
 1 APPPATH\Views\fotografias\edit.php(18): CodeIgniter\Debug\Exceptions->errorHandler(2, 'Undefined variable $fotografias', 'C:\\laragon\\www\\fotobook\\app\\Views\\fotografias\\edit.php', 18)
 2 SYSTEMPATH\View\View.php(234): include('C:\\laragon\\www\\fotobook\\app\\Views\\fotografias\\edit.php')
 3 SYSTEMPATH\View\View.php(237): CodeIgniter\View\View->CodeIgniter\View\{closure}()
 4 SYSTEMPATH\Common.php(1171): CodeIgniter\View\View->render('fotografias/edit', [], true)
 5 APPPATH\Controllers\FotografiaController.php(74): view('fotografias/edit', [...])
 6 SYSTEMPATH\CodeIgniter.php(933): App\Controllers\FotografiaController->edit('1')
 7 SYSTEMPATH\CodeIgniter.php(509): CodeIgniter\CodeIgniter->runController(Object(App\Controllers\FotografiaController))
 8 SYSTEMPATH\CodeIgniter.php(355): CodeIgniter\CodeIgniter->handleRequest(null, Object(Config\Cache), false)
 9 SYSTEMPATH\Boot.php(325): CodeIgniter\CodeIgniter->run()
10 SYSTEMPATH\Boot.php(67): CodeIgniter\Boot::runCodeIgniter(Object(CodeIgniter\CodeIgniter))
11 FCPATH\index.php(56): CodeIgniter\Boot::bootWeb(Object(Config\Paths))
CRITICAL - 2024-12-04 14:29:31 --> ErrorException: Undefined array key "fotografia"
[Method: GET, Route: fotografias/1/edit]
in APPPATH\Views\fotografias\edit.php on line 18.
 1 APPPATH\Views\fotografias\edit.php(18): CodeIgniter\Debug\Exceptions->errorHandler(2, 'Undefined array key "fotografia"', 'C:\\laragon\\www\\fotobook\\app\\Views\\fotografias\\edit.php', 18)
 2 SYSTEMPATH\View\View.php(234): include('C:\\laragon\\www\\fotobook\\app\\Views\\fotografias\\edit.php')
 3 SYSTEMPATH\View\View.php(237): CodeIgniter\View\View->CodeIgniter\View\{closure}()
 4 SYSTEMPATH\Common.php(1171): CodeIgniter\View\View->render('fotografias/edit', [], true)
 5 APPPATH\Controllers\FotografiaController.php(74): view('fotografias/edit', [...])
 6 SYSTEMPATH\CodeIgniter.php(933): App\Controllers\FotografiaController->edit('1')
 7 SYSTEMPATH\CodeIgniter.php(509): CodeIgniter\CodeIgniter->runController(Object(App\Controllers\FotografiaController))
 8 SYSTEMPATH\CodeIgniter.php(355): CodeIgniter\CodeIgniter->handleRequest(null, Object(Config\Cache), false)
 9 SYSTEMPATH\Boot.php(325): CodeIgniter\CodeIgniter->run()
10 SYSTEMPATH\Boot.php(67): CodeIgniter\Boot::runCodeIgniter(Object(CodeIgniter\CodeIgniter))
11 FCPATH\index.php(56): CodeIgniter\Boot::bootWeb(Object(Config\Paths))
CRITICAL - 2024-12-04 14:30:04 --> ErrorException: Undefined array key "fotografias"
[Method: GET, Route: fotografias/1/edit]
in APPPATH\Views\fotografias\edit.php on line 18.
 1 APPPATH\Views\fotografias\edit.php(18): CodeIgniter\Debug\Exceptions->errorHandler(2, 'Undefined array key "fotografias"', 'C:\\laragon\\www\\fotobook\\app\\Views\\fotografias\\edit.php', 18)
 2 SYSTEMPATH\View\View.php(234): include('C:\\laragon\\www\\fotobook\\app\\Views\\fotografias\\edit.php')
 3 SYSTEMPATH\View\View.php(237): CodeIgniter\View\View->CodeIgniter\View\{closure}()
 4 SYSTEMPATH\Common.php(1171): CodeIgniter\View\View->render('fotografias/edit', [], true)
 5 APPPATH\Controllers\FotografiaController.php(74): view('fotografias/edit', [...])
 6 SYSTEMPATH\CodeIgniter.php(933): App\Controllers\FotografiaController->edit('1')
 7 SYSTEMPATH\CodeIgniter.php(509): CodeIgniter\CodeIgniter->runController(Object(App\Controllers\FotografiaController))
 8 SYSTEMPATH\CodeIgniter.php(355): CodeIgniter\CodeIgniter->handleRequest(null, Object(Config\Cache), false)
 9 SYSTEMPATH\Boot.php(325): CodeIgniter\CodeIgniter->run()
10 SYSTEMPATH\Boot.php(67): CodeIgniter\Boot::runCodeIgniter(Object(CodeIgniter\CodeIgniter))
11 FCPATH\index.php(56): CodeIgniter\Boot::bootWeb(Object(Config\Paths))
CRITICAL - 2024-12-04 14:30:05 --> ErrorException: Undefined array key "fotografias"
[Method: GET, Route: fotografias/1/edit]
in APPPATH\Views\fotografias\edit.php on line 18.
 1 APPPATH\Views\fotografias\edit.php(18): CodeIgniter\Debug\Exceptions->errorHandler(2, 'Undefined array key "fotografias"', 'C:\\laragon\\www\\fotobook\\app\\Views\\fotografias\\edit.php', 18)
 2 SYSTEMPATH\View\View.php(234): include('C:\\laragon\\www\\fotobook\\app\\Views\\fotografias\\edit.php')
 3 SYSTEMPATH\View\View.php(237): CodeIgniter\View\View->CodeIgniter\View\{closure}()
 4 SYSTEMPATH\Common.php(1171): CodeIgniter\View\View->render('fotografias/edit', [], true)
 5 APPPATH\Controllers\FotografiaController.php(74): view('fotografias/edit', [...])
 6 SYSTEMPATH\CodeIgniter.php(933): App\Controllers\FotografiaController->edit('1')
 7 SYSTEMPATH\CodeIgniter.php(509): CodeIgniter\CodeIgniter->runController(Object(App\Controllers\FotografiaController))
 8 SYSTEMPATH\CodeIgniter.php(355): CodeIgniter\CodeIgniter->handleRequest(null, Object(Config\Cache), false)
 9 SYSTEMPATH\Boot.php(325): CodeIgniter\CodeIgniter->run()
10 SYSTEMPATH\Boot.php(67): CodeIgniter\Boot::runCodeIgniter(Object(CodeIgniter\CodeIgniter))
11 FCPATH\index.php(56): CodeIgniter\Boot::bootWeb(Object(Config\Paths))
CRITICAL - 2024-12-04 14:30:06 --> ErrorException: Undefined array key "fotografias"
[Method: GET, Route: fotografias/1/edit]
in APPPATH\Views\fotografias\edit.php on line 18.
 1 APPPATH\Views\fotografias\edit.php(18): CodeIgniter\Debug\Exceptions->errorHandler(2, 'Undefined array key "fotografias"', 'C:\\laragon\\www\\fotobook\\app\\Views\\fotografias\\edit.php', 18)
 2 SYSTEMPATH\View\View.php(234): include('C:\\laragon\\www\\fotobook\\app\\Views\\fotografias\\edit.php')
 3 SYSTEMPATH\View\View.php(237): CodeIgniter\View\View->CodeIgniter\View\{closure}()
 4 SYSTEMPATH\Common.php(1171): CodeIgniter\View\View->render('fotografias/edit', [], true)
 5 APPPATH\Controllers\FotografiaController.php(74): view('fotografias/edit', [...])
 6 SYSTEMPATH\CodeIgniter.php(933): App\Controllers\FotografiaController->edit('1')
 7 SYSTEMPATH\CodeIgniter.php(509): CodeIgniter\CodeIgniter->runController(Object(App\Controllers\FotografiaController))
 8 SYSTEMPATH\CodeIgniter.php(355): CodeIgniter\CodeIgniter->handleRequest(null, Object(Config\Cache), false)
 9 SYSTEMPATH\Boot.php(325): CodeIgniter\CodeIgniter->run()
10 SYSTEMPATH\Boot.php(67): CodeIgniter\Boot::runCodeIgniter(Object(CodeIgniter\CodeIgniter))
11 FCPATH\index.php(56): CodeIgniter\Boot::bootWeb(Object(Config\Paths))
CRITICAL - 2024-12-04 14:30:31 --> ErrorException: Undefined variable $fotografias
[Method: GET, Route: fotografias/1/edit]
in APPPATH\Views\fotografias\edit.php on line 18.
 1 APPPATH\Views\fotografias\edit.php(18): CodeIgniter\Debug\Exceptions->errorHandler(2, 'Undefined variable $fotografias', 'C:\\laragon\\www\\fotobook\\app\\Views\\fotografias\\edit.php', 18)
 2 SYSTEMPATH\View\View.php(234): include('C:\\laragon\\www\\fotobook\\app\\Views\\fotografias\\edit.php')
 3 SYSTEMPATH\View\View.php(237): CodeIgniter\View\View->CodeIgniter\View\{closure}()
 4 SYSTEMPATH\Common.php(1171): CodeIgniter\View\View->render('fotografias/edit', [], true)
 5 APPPATH\Controllers\FotografiaController.php(74): view('fotografias/edit', [...])
 6 SYSTEMPATH\CodeIgniter.php(933): App\Controllers\FotografiaController->edit('1')
 7 SYSTEMPATH\CodeIgniter.php(509): CodeIgniter\CodeIgniter->runController(Object(App\Controllers\FotografiaController))
 8 SYSTEMPATH\CodeIgniter.php(355): CodeIgniter\CodeIgniter->handleRequest(null, Object(Config\Cache), false)
 9 SYSTEMPATH\Boot.php(325): CodeIgniter\CodeIgniter->run()
10 SYSTEMPATH\Boot.php(67): CodeIgniter\Boot::runCodeIgniter(Object(CodeIgniter\CodeIgniter))
11 FCPATH\index.php(56): CodeIgniter\Boot::bootWeb(Object(Config\Paths))
CRITICAL - 2024-12-04 14:31:12 --> Error: Undefined constant "fotografias"
[Method: GET, Route: fotografias/1/edit]
in APPPATH\Views\fotografias\edit.php on line 18.
 1 SYSTEMPATH\View\View.php(234): include()
 2 SYSTEMPATH\View\View.php(237): CodeIgniter\View\View->CodeIgniter\View\{closure}()
 3 SYSTEMPATH\Common.php(1171): CodeIgniter\View\View->render('fotografias/edit', [], true)
 4 APPPATH\Controllers\FotografiaController.php(74): view('fotografias/edit', [...])
 5 SYSTEMPATH\CodeIgniter.php(933): App\Controllers\FotografiaController->edit('1')
 6 SYSTEMPATH\CodeIgniter.php(509): CodeIgniter\CodeIgniter->runController(Object(App\Controllers\FotografiaController))
 7 SYSTEMPATH\CodeIgniter.php(355): CodeIgniter\CodeIgniter->handleRequest(null, Object(Config\Cache), false)
 8 SYSTEMPATH\Boot.php(325): CodeIgniter\CodeIgniter->run()
 9 SYSTEMPATH\Boot.php(67): CodeIgniter\Boot::runCodeIgniter(Object(CodeIgniter\CodeIgniter))
10 FCPATH\index.php(56): CodeIgniter\Boot::bootWeb(Object(Config\Paths))
CRITICAL - 2024-12-04 14:32:08 --> ErrorException: Undefined variable $fotografias
[Method: GET, Route: fotografias/1/edit]
in APPPATH\Views\fotografias\edit.php on line 18.
 1 APPPATH\Views\fotografias\edit.php(18): CodeIgniter\Debug\Exceptions->errorHandler(2, 'Undefined variable $fotografias', 'C:\\laragon\\www\\fotobook\\app\\Views\\fotografias\\edit.php', 18)
 2 SYSTEMPATH\View\View.php(234): include('C:\\laragon\\www\\fotobook\\app\\Views\\fotografias\\edit.php')
 3 SYSTEMPATH\View\View.php(237): CodeIgniter\View\View->CodeIgniter\View\{closure}()
 4 SYSTEMPATH\Common.php(1171): CodeIgniter\View\View->render('fotografias/edit', [], true)
 5 APPPATH\Controllers\FotografiaController.php(74): view('fotografias/edit', [...])
 6 SYSTEMPATH\CodeIgniter.php(933): App\Controllers\FotografiaController->edit('1')
 7 SYSTEMPATH\CodeIgniter.php(509): CodeIgniter\CodeIgniter->runController(Object(App\Controllers\FotografiaController))
 8 SYSTEMPATH\CodeIgniter.php(355): CodeIgniter\CodeIgniter->handleRequest(null, Object(Config\Cache), false)
 9 SYSTEMPATH\Boot.php(325): CodeIgniter\CodeIgniter->run()
10 SYSTEMPATH\Boot.php(67): CodeIgniter\Boot::runCodeIgniter(Object(CodeIgniter\CodeIgniter))
11 FCPATH\index.php(56): CodeIgniter\Boot::bootWeb(Object(Config\Paths))
CRITICAL - 2024-12-04 14:32:08 --> ErrorException: Undefined variable $fotografias
[Method: GET, Route: fotografias/1/edit]
in APPPATH\Views\fotografias\edit.php on line 18.
 1 APPPATH\Views\fotografias\edit.php(18): CodeIgniter\Debug\Exceptions->errorHandler(2, 'Undefined variable $fotografias', 'C:\\laragon\\www\\fotobook\\app\\Views\\fotografias\\edit.php', 18)
 2 SYSTEMPATH\View\View.php(234): include('C:\\laragon\\www\\fotobook\\app\\Views\\fotografias\\edit.php')
 3 SYSTEMPATH\View\View.php(237): CodeIgniter\View\View->CodeIgniter\View\{closure}()
 4 SYSTEMPATH\Common.php(1171): CodeIgniter\View\View->render('fotografias/edit', [], true)
 5 APPPATH\Controllers\FotografiaController.php(74): view('fotografias/edit', [...])
 6 SYSTEMPATH\CodeIgniter.php(933): App\Controllers\FotografiaController->edit('1')
 7 SYSTEMPATH\CodeIgniter.php(509): CodeIgniter\CodeIgniter->runController(Object(App\Controllers\FotografiaController))
 8 SYSTEMPATH\CodeIgniter.php(355): CodeIgniter\CodeIgniter->handleRequest(null, Object(Config\Cache), false)
 9 SYSTEMPATH\Boot.php(325): CodeIgniter\CodeIgniter->run()
10 SYSTEMPATH\Boot.php(67): CodeIgniter\Boot::runCodeIgniter(Object(CodeIgniter\CodeIgniter))
11 FCPATH\index.php(56): CodeIgniter\Boot::bootWeb(Object(Config\Paths))
CRITICAL - 2024-12-04 14:33:16 --> ErrorException: Undefined variable $fotografias
[Method: GET, Route: fotografias/1/edit]
in APPPATH\Views\fotografias\edit.php on line 18.
 1 APPPATH\Views\fotografias\edit.php(18): CodeIgniter\Debug\Exceptions->errorHandler(2, 'Undefined variable $fotografias', 'C:\\laragon\\www\\fotobook\\app\\Views\\fotografias\\edit.php', 18)
 2 SYSTEMPATH\View\View.php(234): include('C:\\laragon\\www\\fotobook\\app\\Views\\fotografias\\edit.php')
 3 SYSTEMPATH\View\View.php(237): CodeIgniter\View\View->CodeIgniter\View\{closure}()
 4 SYSTEMPATH\Common.php(1171): CodeIgniter\View\View->render('fotografias/edit', [], true)
 5 APPPATH\Controllers\FotografiaController.php(74): view('fotografias/edit', [...])
 6 SYSTEMPATH\CodeIgniter.php(933): App\Controllers\FotografiaController->edit('1')
 7 SYSTEMPATH\CodeIgniter.php(509): CodeIgniter\CodeIgniter->runController(Object(App\Controllers\FotografiaController))
 8 SYSTEMPATH\CodeIgniter.php(355): CodeIgniter\CodeIgniter->handleRequest(null, Object(Config\Cache), false)
 9 SYSTEMPATH\Boot.php(325): CodeIgniter\CodeIgniter->run()
10 SYSTEMPATH\Boot.php(67): CodeIgniter\Boot::runCodeIgniter(Object(CodeIgniter\CodeIgniter))
11 FCPATH\index.php(56): CodeIgniter\Boot::bootWeb(Object(Config\Paths))
CRITICAL - 2024-12-04 14:33:18 --> ErrorException: Undefined variable $fotografias
[Method: GET, Route: fotografias/1/edit]
in APPPATH\Views\fotografias\edit.php on line 18.
 1 APPPATH\Views\fotografias\edit.php(18): CodeIgniter\Debug\Exceptions->errorHandler(2, 'Undefined variable $fotografias', 'C:\\laragon\\www\\fotobook\\app\\Views\\fotografias\\edit.php', 18)
 2 SYSTEMPATH\View\View.php(234): include('C:\\laragon\\www\\fotobook\\app\\Views\\fotografias\\edit.php')
 3 SYSTEMPATH\View\View.php(237): CodeIgniter\View\View->CodeIgniter\View\{closure}()
 4 SYSTEMPATH\Common.php(1171): CodeIgniter\View\View->render('fotografias/edit', [], true)
 5 APPPATH\Controllers\FotografiaController.php(74): view('fotografias/edit', [...])
 6 SYSTEMPATH\CodeIgniter.php(933): App\Controllers\FotografiaController->edit('1')
 7 SYSTEMPATH\CodeIgniter.php(509): CodeIgniter\CodeIgniter->runController(Object(App\Controllers\FotografiaController))
 8 SYSTEMPATH\CodeIgniter.php(355): CodeIgniter\CodeIgniter->handleRequest(null, Object(Config\Cache), false)
 9 SYSTEMPATH\Boot.php(325): CodeIgniter\CodeIgniter->run()
10 SYSTEMPATH\Boot.php(67): CodeIgniter\Boot::runCodeIgniter(Object(CodeIgniter\CodeIgniter))
11 FCPATH\index.php(56): CodeIgniter\Boot::bootWeb(Object(Config\Paths))
CRITICAL - 2024-12-04 14:33:19 --> ErrorException: Undefined variable $fotografias
[Method: GET, Route: fotografias/1/edit]
in APPPATH\Views\fotografias\edit.php on line 18.
 1 APPPATH\Views\fotografias\edit.php(18): CodeIgniter\Debug\Exceptions->errorHandler(2, 'Undefined variable $fotografias', 'C:\\laragon\\www\\fotobook\\app\\Views\\fotografias\\edit.php', 18)
 2 SYSTEMPATH\View\View.php(234): include('C:\\laragon\\www\\fotobook\\app\\Views\\fotografias\\edit.php')
 3 SYSTEMPATH\View\View.php(237): CodeIgniter\View\View->CodeIgniter\View\{closure}()
 4 SYSTEMPATH\Common.php(1171): CodeIgniter\View\View->render('fotografias/edit', [], true)
 5 APPPATH\Controllers\FotografiaController.php(74): view('fotografias/edit', [...])
 6 SYSTEMPATH\CodeIgniter.php(933): App\Controllers\FotografiaController->edit('1')
 7 SYSTEMPATH\CodeIgniter.php(509): CodeIgniter\CodeIgniter->runController(Object(App\Controllers\FotografiaController))
 8 SYSTEMPATH\CodeIgniter.php(355): CodeIgniter\CodeIgniter->handleRequest(null, Object(Config\Cache), false)
 9 SYSTEMPATH\Boot.php(325): CodeIgniter\CodeIgniter->run()
10 SYSTEMPATH\Boot.php(67): CodeIgniter\Boot::runCodeIgniter(Object(CodeIgniter\CodeIgniter))
11 FCPATH\index.php(56): CodeIgniter\Boot::bootWeb(Object(Config\Paths))
CRITICAL - 2024-12-04 14:34:26 --> ErrorException: Undefined variable $fotografias
[Method: GET, Route: fotografias/1/edit]
in APPPATH\Views\fotografias\edit.php on line 14.
 1 APPPATH\Views\fotografias\edit.php(14): CodeIgniter\Debug\Exceptions->errorHandler(2, 'Undefined variable $fotografias', 'C:\\laragon\\www\\fotobook\\app\\Views\\fotografias\\edit.php', 14)
 2 SYSTEMPATH\View\View.php(234): include('C:\\laragon\\www\\fotobook\\app\\Views\\fotografias\\edit.php')
 3 SYSTEMPATH\View\View.php(237): CodeIgniter\View\View->CodeIgniter\View\{closure}()
 4 SYSTEMPATH\Common.php(1171): CodeIgniter\View\View->render('fotografias/edit', [], true)
 5 APPPATH\Controllers\FotografiaController.php(74): view('fotografias/edit', [...])
 6 SYSTEMPATH\CodeIgniter.php(933): App\Controllers\FotografiaController->edit('1')
 7 SYSTEMPATH\CodeIgniter.php(509): CodeIgniter\CodeIgniter->runController(Object(App\Controllers\FotografiaController))
 8 SYSTEMPATH\CodeIgniter.php(355): CodeIgniter\CodeIgniter->handleRequest(null, Object(Config\Cache), false)
 9 SYSTEMPATH\Boot.php(325): CodeIgniter\CodeIgniter->run()
10 SYSTEMPATH\Boot.php(67): CodeIgniter\Boot::runCodeIgniter(Object(CodeIgniter\CodeIgniter))
11 FCPATH\index.php(56): CodeIgniter\Boot::bootWeb(Object(Config\Paths))
CRITICAL - 2024-12-04 14:35:00 --> ErrorException: Undefined array key "fotografias"
[Method: GET, Route: fotografias/1/edit]
in APPPATH\Views\fotografias\edit.php on line 23.
 1 APPPATH\Views\fotografias\edit.php(23): CodeIgniter\Debug\Exceptions->errorHandler(2, 'Undefined array key "fotografias"', 'C:\\laragon\\www\\fotobook\\app\\Views\\fotografias\\edit.php', 23)
 2 SYSTEMPATH\View\View.php(234): include('C:\\laragon\\www\\fotobook\\app\\Views\\fotografias\\edit.php')
 3 SYSTEMPATH\View\View.php(237): CodeIgniter\View\View->CodeIgniter\View\{closure}()
 4 SYSTEMPATH\Common.php(1171): CodeIgniter\View\View->render('fotografias/edit', [], true)
 5 APPPATH\Controllers\FotografiaController.php(74): view('fotografias/edit', [...])
 6 SYSTEMPATH\CodeIgniter.php(933): App\Controllers\FotografiaController->edit('1')
 7 SYSTEMPATH\CodeIgniter.php(509): CodeIgniter\CodeIgniter->runController(Object(App\Controllers\FotografiaController))
 8 SYSTEMPATH\CodeIgniter.php(355): CodeIgniter\CodeIgniter->handleRequest(null, Object(Config\Cache), false)
 9 SYSTEMPATH\Boot.php(325): CodeIgniter\CodeIgniter->run()
10 SYSTEMPATH\Boot.php(67): CodeIgniter\Boot::runCodeIgniter(Object(CodeIgniter\CodeIgniter))
11 FCPATH\index.php(56): CodeIgniter\Boot::bootWeb(Object(Config\Paths))
CRITICAL - 2024-12-04 14:35:32 --> CodeIgniter\View\Exceptions\ViewException: Invalid file: "fotografia/show.php"
[Method: GET, Route: fotografias/1]
in SYSTEMPATH\Exceptions\FrameworkException.php on line 41.
 1 SYSTEMPATH\View\View.php(222): CodeIgniter\Exceptions\FrameworkException::forInvalidFile('fotografia/show.php')
 2 SYSTEMPATH\Common.php(1171): CodeIgniter\View\View->render('fotografia/show', [], true)
 3 APPPATH\Controllers\FotografiaController.php(38): view('fotografia/show', [...])
 4 SYSTEMPATH\CodeIgniter.php(933): App\Controllers\FotografiaController->show('1')
 5 SYSTEMPATH\CodeIgniter.php(509): CodeIgniter\CodeIgniter->runController(Object(App\Controllers\FotografiaController))
 6 SYSTEMPATH\CodeIgniter.php(355): CodeIgniter\CodeIgniter->handleRequest(null, Object(Config\Cache), false)
 7 SYSTEMPATH\Boot.php(325): CodeIgniter\CodeIgniter->run()
 8 SYSTEMPATH\Boot.php(67): CodeIgniter\Boot::runCodeIgniter(Object(CodeIgniter\CodeIgniter))
 9 FCPATH\index.php(56): CodeIgniter\Boot::bootWeb(Object(Config\Paths))
CRITICAL - 2024-12-04 14:36:39 --> CodeIgniter\View\Exceptions\ViewException: Invalid file: "fotografia/show.php"
[Method: GET, Route: fotografias/1]
in SYSTEMPATH\Exceptions\FrameworkException.php on line 41.
 1 SYSTEMPATH\View\View.php(222): CodeIgniter\Exceptions\FrameworkException::forInvalidFile('fotografia/show.php')
 2 SYSTEMPATH\Common.php(1171): CodeIgniter\View\View->render('fotografia/show', [], true)
 3 APPPATH\Controllers\FotografiaController.php(38): view('fotografia/show', [...])
 4 SYSTEMPATH\CodeIgniter.php(933): App\Controllers\FotografiaController->show('1')
 5 SYSTEMPATH\CodeIgniter.php(509): CodeIgniter\CodeIgniter->runController(Object(App\Controllers\FotografiaController))
 6 SYSTEMPATH\CodeIgniter.php(355): CodeIgniter\CodeIgniter->handleRequest(null, Object(Config\Cache), false)
 7 SYSTEMPATH\Boot.php(325): CodeIgniter\CodeIgniter->run()
 8 SYSTEMPATH\Boot.php(67): CodeIgniter\Boot::runCodeIgniter(Object(CodeIgniter\CodeIgniter))
 9 FCPATH\index.php(56): CodeIgniter\Boot::bootWeb(Object(Config\Paths))
CRITICAL - 2024-12-04 14:36:48 --> CodeIgniter\View\Exceptions\ViewException: Invalid file: "fotografia/show.php"
[Method: GET, Route: fotografias/1]
in SYSTEMPATH\Exceptions\FrameworkException.php on line 41.
 1 SYSTEMPATH\View\View.php(222): CodeIgniter\Exceptions\FrameworkException::forInvalidFile('fotografia/show.php')
 2 SYSTEMPATH\Common.php(1171): CodeIgniter\View\View->render('fotografia/show', [], true)
 3 APPPATH\Controllers\FotografiaController.php(38): view('fotografia/show', [...])
 4 SYSTEMPATH\CodeIgniter.php(933): App\Controllers\FotografiaController->show('1')
 5 SYSTEMPATH\CodeIgniter.php(509): CodeIgniter\CodeIgniter->runController(Object(App\Controllers\FotografiaController))
 6 SYSTEMPATH\CodeIgniter.php(355): CodeIgniter\CodeIgniter->handleRequest(null, Object(Config\Cache), false)
 7 SYSTEMPATH\Boot.php(325): CodeIgniter\CodeIgniter->run()
 8 SYSTEMPATH\Boot.php(67): CodeIgniter\Boot::runCodeIgniter(Object(CodeIgniter\CodeIgniter))
 9 FCPATH\index.php(56): CodeIgniter\Boot::bootWeb(Object(Config\Paths))
CRITICAL - 2024-12-04 14:40:50 --> ErrorException: Undefined variable $fotografia
[Method: GET, Route: fotografias/1]
in APPPATH\Controllers\FotografiaController.php on line 36.
 1 APPPATH\Controllers\FotografiaController.php(36): CodeIgniter\Debug\Exceptions->errorHandler(2, 'Undefined variable $fotografia', 'C:\\laragon\\www\\fotobook\\app\\Controllers\\FotografiaController.php', 36)
 2 SYSTEMPATH\CodeIgniter.php(933): App\Controllers\FotografiaController->show('1')
 3 SYSTEMPATH\CodeIgniter.php(509): CodeIgniter\CodeIgniter->runController(Object(App\Controllers\FotografiaController))
 4 SYSTEMPATH\CodeIgniter.php(355): CodeIgniter\CodeIgniter->handleRequest(null, Object(Config\Cache), false)
 5 SYSTEMPATH\Boot.php(325): CodeIgniter\CodeIgniter->run()
 6 SYSTEMPATH\Boot.php(67): CodeIgniter\Boot::runCodeIgniter(Object(CodeIgniter\CodeIgniter))
 7 FCPATH\index.php(56): CodeIgniter\Boot::bootWeb(Object(Config\Paths))
CRITICAL - 2024-12-04 14:40:59 --> CodeIgniter\View\Exceptions\ViewException: Invalid file: "fotografia/show.php"
[Method: GET, Route: fotografias/1]
in SYSTEMPATH\Exceptions\FrameworkException.php on line 41.
 1 SYSTEMPATH\View\View.php(222): CodeIgniter\Exceptions\FrameworkException::forInvalidFile('fotografia/show.php')
 2 SYSTEMPATH\Common.php(1171): CodeIgniter\View\View->render('fotografia/show', [], true)
 3 APPPATH\Controllers\FotografiaController.php(38): view('fotografia/show', [...])
 4 SYSTEMPATH\CodeIgniter.php(933): App\Controllers\FotografiaController->show('1')
 5 SYSTEMPATH\CodeIgniter.php(509): CodeIgniter\CodeIgniter->runController(Object(App\Controllers\FotografiaController))
 6 SYSTEMPATH\CodeIgniter.php(355): CodeIgniter\CodeIgniter->handleRequest(null, Object(Config\Cache), false)
 7 SYSTEMPATH\Boot.php(325): CodeIgniter\CodeIgniter->run()
 8 SYSTEMPATH\Boot.php(67): CodeIgniter\Boot::runCodeIgniter(Object(CodeIgniter\CodeIgniter))
 9 FCPATH\index.php(56): CodeIgniter\Boot::bootWeb(Object(Config\Paths))
CRITICAL - 2024-12-04 14:41:08 --> CodeIgniter\View\Exceptions\ViewException: Invalid file: "fotografia/show.php"
[Method: GET, Route: fotografias/1]
in SYSTEMPATH\Exceptions\FrameworkException.php on line 41.
 1 SYSTEMPATH\View\View.php(222): CodeIgniter\Exceptions\FrameworkException::forInvalidFile('fotografia/show.php')
 2 SYSTEMPATH\Common.php(1171): CodeIgniter\View\View->render('fotografia/show', [], true)
 3 APPPATH\Controllers\FotografiaController.php(38): view('fotografia/show', [...])
 4 SYSTEMPATH\CodeIgniter.php(933): App\Controllers\FotografiaController->show('1')
 5 SYSTEMPATH\CodeIgniter.php(509): CodeIgniter\CodeIgniter->runController(Object(App\Controllers\FotografiaController))
 6 SYSTEMPATH\CodeIgniter.php(355): CodeIgniter\CodeIgniter->handleRequest(null, Object(Config\Cache), false)
 7 SYSTEMPATH\Boot.php(325): CodeIgniter\CodeIgniter->run()
 8 SYSTEMPATH\Boot.php(67): CodeIgniter\Boot::runCodeIgniter(Object(CodeIgniter\CodeIgniter))
 9 FCPATH\index.php(56): CodeIgniter\Boot::bootWeb(Object(Config\Paths))
CRITICAL - 2024-12-04 14:41:17 --> CodeIgniter\View\Exceptions\ViewException: Invalid file: "fotografia/create.php"
[Method: GET, Route: fotografias/create]
in SYSTEMPATH\Exceptions\FrameworkException.php on line 41.
 1 SYSTEMPATH\View\View.php(222): CodeIgniter\Exceptions\FrameworkException::forInvalidFile('fotografia/create.php')
 2 SYSTEMPATH\Common.php(1171): CodeIgniter\View\View->render('fotografia/create', [], true)
 3 APPPATH\Controllers\FotografiaController.php(45): view('fotografia/create')
 4 SYSTEMPATH\CodeIgniter.php(933): App\Controllers\FotografiaController->create()
 5 SYSTEMPATH\CodeIgniter.php(509): CodeIgniter\CodeIgniter->runController(Object(App\Controllers\FotografiaController))
 6 SYSTEMPATH\CodeIgniter.php(355): CodeIgniter\CodeIgniter->handleRequest(null, Object(Config\Cache), false)
 7 SYSTEMPATH\Boot.php(325): CodeIgniter\CodeIgniter->run()
 8 SYSTEMPATH\Boot.php(67): CodeIgniter\Boot::runCodeIgniter(Object(CodeIgniter\CodeIgniter))
 9 FCPATH\index.php(56): CodeIgniter\Boot::bootWeb(Object(Config\Paths))
CRITICAL - 2024-12-04 14:41:25 --> CodeIgniter\View\Exceptions\ViewException: Invalid file: "fotografia/show.php"
[Method: GET, Route: fotografias/1]
in SYSTEMPATH\Exceptions\FrameworkException.php on line 41.
 1 SYSTEMPATH\View\View.php(222): CodeIgniter\Exceptions\FrameworkException::forInvalidFile('fotografia/show.php')
 2 SYSTEMPATH\Common.php(1171): CodeIgniter\View\View->render('fotografia/show', [], true)
 3 APPPATH\Controllers\FotografiaController.php(38): view('fotografia/show', [...])
 4 SYSTEMPATH\CodeIgniter.php(933): App\Controllers\FotografiaController->show('1')
 5 SYSTEMPATH\CodeIgniter.php(509): CodeIgniter\CodeIgniter->runController(Object(App\Controllers\FotografiaController))
 6 SYSTEMPATH\CodeIgniter.php(355): CodeIgniter\CodeIgniter->handleRequest(null, Object(Config\Cache), false)
 7 SYSTEMPATH\Boot.php(325): CodeIgniter\CodeIgniter->run()
 8 SYSTEMPATH\Boot.php(67): CodeIgniter\Boot::runCodeIgniter(Object(CodeIgniter\CodeIgniter))
 9 FCPATH\index.php(56): CodeIgniter\Boot::bootWeb(Object(Config\Paths))
CRITICAL - 2024-12-04 14:41:29 --> CodeIgniter\View\Exceptions\ViewException: Invalid file: "fotografia/create.php"
[Method: GET, Route: fotografias/create]
in SYSTEMPATH\Exceptions\FrameworkException.php on line 41.
 1 SYSTEMPATH\View\View.php(222): CodeIgniter\Exceptions\FrameworkException::forInvalidFile('fotografia/create.php')
 2 SYSTEMPATH\Common.php(1171): CodeIgniter\View\View->render('fotografia/create', [], true)
 3 APPPATH\Controllers\FotografiaController.php(45): view('fotografia/create')
 4 SYSTEMPATH\CodeIgniter.php(933): App\Controllers\FotografiaController->create()
 5 SYSTEMPATH\CodeIgniter.php(509): CodeIgniter\CodeIgniter->runController(Object(App\Controllers\FotografiaController))
 6 SYSTEMPATH\CodeIgniter.php(355): CodeIgniter\CodeIgniter->handleRequest(null, Object(Config\Cache), false)
 7 SYSTEMPATH\Boot.php(325): CodeIgniter\CodeIgniter->run()
 8 SYSTEMPATH\Boot.php(67): CodeIgniter\Boot::runCodeIgniter(Object(CodeIgniter\CodeIgniter))
 9 FCPATH\index.php(56): CodeIgniter\Boot::bootWeb(Object(Config\Paths))
CRITICAL - 2024-12-04 14:42:39 --> CodeIgniter\View\Exceptions\ViewException: Invalid file: "fotografia/create.php"
[Method: GET, Route: fotografias/create]
in SYSTEMPATH\Exceptions\FrameworkException.php on line 41.
 1 SYSTEMPATH\View\View.php(222): CodeIgniter\Exceptions\FrameworkException::forInvalidFile('fotografia/create.php')
 2 SYSTEMPATH\Common.php(1171): CodeIgniter\View\View->render('fotografia/create', [], true)
 3 APPPATH\Controllers\FotografiaController.php(45): view('fotografia/create')
 4 SYSTEMPATH\CodeIgniter.php(933): App\Controllers\FotografiaController->create()
 5 SYSTEMPATH\CodeIgniter.php(509): CodeIgniter\CodeIgniter->runController(Object(App\Controllers\FotografiaController))
 6 SYSTEMPATH\CodeIgniter.php(355): CodeIgniter\CodeIgniter->handleRequest(null, Object(Config\Cache), false)
 7 SYSTEMPATH\Boot.php(325): CodeIgniter\CodeIgniter->run()
 8 SYSTEMPATH\Boot.php(67): CodeIgniter\Boot::runCodeIgniter(Object(CodeIgniter\CodeIgniter))
 9 FCPATH\index.php(56): CodeIgniter\Boot::bootWeb(Object(Config\Paths))
CRITICAL - 2024-12-04 14:42:43 --> CodeIgniter\View\Exceptions\ViewException: Invalid file: "fotografia/show.php"
[Method: GET, Route: fotografias/1]
in SYSTEMPATH\Exceptions\FrameworkException.php on line 41.
 1 SYSTEMPATH\View\View.php(222): CodeIgniter\Exceptions\FrameworkException::forInvalidFile('fotografia/show.php')
 2 SYSTEMPATH\Common.php(1171): CodeIgniter\View\View->render('fotografia/show', [], true)
 3 APPPATH\Controllers\FotografiaController.php(38): view('fotografia/show', [...])
 4 SYSTEMPATH\CodeIgniter.php(933): App\Controllers\FotografiaController->show('1')
 5 SYSTEMPATH\CodeIgniter.php(509): CodeIgniter\CodeIgniter->runController(Object(App\Controllers\FotografiaController))
 6 SYSTEMPATH\CodeIgniter.php(355): CodeIgniter\CodeIgniter->handleRequest(null, Object(Config\Cache), false)
 7 SYSTEMPATH\Boot.php(325): CodeIgniter\CodeIgniter->run()
 8 SYSTEMPATH\Boot.php(67): CodeIgniter\Boot::runCodeIgniter(Object(CodeIgniter\CodeIgniter))
 9 FCPATH\index.php(56): CodeIgniter\Boot::bootWeb(Object(Config\Paths))
CRITICAL - 2024-12-04 14:42:51 --> CodeIgniter\View\Exceptions\ViewException: Invalid file: "fotografia/create.php"
[Method: GET, Route: fotografias/create]
in SYSTEMPATH\Exceptions\FrameworkException.php on line 41.
 1 SYSTEMPATH\View\View.php(222): CodeIgniter\Exceptions\FrameworkException::forInvalidFile('fotografia/create.php')
 2 SYSTEMPATH\Common.php(1171): CodeIgniter\View\View->render('fotografia/create', [], true)
 3 APPPATH\Controllers\FotografiaController.php(45): view('fotografia/create')
 4 SYSTEMPATH\CodeIgniter.php(933): App\Controllers\FotografiaController->create()
 5 SYSTEMPATH\CodeIgniter.php(509): CodeIgniter\CodeIgniter->runController(Object(App\Controllers\FotografiaController))
 6 SYSTEMPATH\CodeIgniter.php(355): CodeIgniter\CodeIgniter->handleRequest(null, Object(Config\Cache), false)
 7 SYSTEMPATH\Boot.php(325): CodeIgniter\CodeIgniter->run()
 8 SYSTEMPATH\Boot.php(67): CodeIgniter\Boot::runCodeIgniter(Object(CodeIgniter\CodeIgniter))
 9 FCPATH\index.php(56): CodeIgniter\Boot::bootWeb(Object(Config\Paths))
CRITICAL - 2024-12-04 14:42:59 --> CodeIgniter\View\Exceptions\ViewException: Invalid file: "fotografia/create.php"
[Method: GET, Route: fotografias/create]
in SYSTEMPATH\Exceptions\FrameworkException.php on line 41.
 1 SYSTEMPATH\View\View.php(222): CodeIgniter\Exceptions\FrameworkException::forInvalidFile('fotografia/create.php')
 2 SYSTEMPATH\Common.php(1171): CodeIgniter\View\View->render('fotografia/create', [], true)
 3 APPPATH\Controllers\FotografiaController.php(45): view('fotografia/create')
 4 SYSTEMPATH\CodeIgniter.php(933): App\Controllers\FotografiaController->create()
 5 SYSTEMPATH\CodeIgniter.php(509): CodeIgniter\CodeIgniter->runController(Object(App\Controllers\FotografiaController))
 6 SYSTEMPATH\CodeIgniter.php(355): CodeIgniter\CodeIgniter->handleRequest(null, Object(Config\Cache), false)
 7 SYSTEMPATH\Boot.php(325): CodeIgniter\CodeIgniter->run()
 8 SYSTEMPATH\Boot.php(67): CodeIgniter\Boot::runCodeIgniter(Object(CodeIgniter\CodeIgniter))
 9 FCPATH\index.php(56): CodeIgniter\Boot::bootWeb(Object(Config\Paths))
CRITICAL - 2024-12-04 14:47:02 --> CodeIgniter\View\Exceptions\ViewException: Invalid file: "fotografias/index.php"
[Method: GET, Route: fotografias]
in SYSTEMPATH\Exceptions\FrameworkException.php on line 41.
 1 SYSTEMPATH\View\View.php(222): CodeIgniter\Exceptions\FrameworkException::forInvalidFile('fotografias/index.php')
 2 SYSTEMPATH\Common.php(1171): CodeIgniter\View\View->render('fotografias/index', [], true)
 3 APPPATH\Controllers\FotografiaController.php(27): view('fotografias/index', [...])
 4 SYSTEMPATH\CodeIgniter.php(933): App\Controllers\FotografiaController->index()
 5 SYSTEMPATH\CodeIgniter.php(509): CodeIgniter\CodeIgniter->runController(Object(App\Controllers\FotografiaController))
 6 SYSTEMPATH\CodeIgniter.php(355): CodeIgniter\CodeIgniter->handleRequest(null, Object(Config\Cache), false)
 7 SYSTEMPATH\Boot.php(325): CodeIgniter\CodeIgniter->run()
 8 SYSTEMPATH\Boot.php(67): CodeIgniter\Boot::runCodeIgniter(Object(CodeIgniter\CodeIgniter))
 9 FCPATH\index.php(56): CodeIgniter\Boot::bootWeb(Object(Config\Paths))
CRITICAL - 2024-12-04 14:47:42 --> CodeIgniter\View\Exceptions\ViewException: Invalid file: "fotografias/index.php"
[Method: GET, Route: fotografias]
in SYSTEMPATH\Exceptions\FrameworkException.php on line 41.
 1 SYSTEMPATH\View\View.php(222): CodeIgniter\Exceptions\FrameworkException::forInvalidFile('fotografias/index.php')
 2 SYSTEMPATH\Common.php(1171): CodeIgniter\View\View->render('fotografias/index', [], true)
 3 APPPATH\Controllers\FotografiaController.php(27): view('fotografias/index', [...])
 4 SYSTEMPATH\CodeIgniter.php(933): App\Controllers\FotografiaController->index()
 5 SYSTEMPATH\CodeIgniter.php(509): CodeIgniter\CodeIgniter->runController(Object(App\Controllers\FotografiaController))
 6 SYSTEMPATH\CodeIgniter.php(355): CodeIgniter\CodeIgniter->handleRequest(null, Object(Config\Cache), false)
 7 SYSTEMPATH\Boot.php(325): CodeIgniter\CodeIgniter->run()
 8 SYSTEMPATH\Boot.php(67): CodeIgniter\Boot::runCodeIgniter(Object(CodeIgniter\CodeIgniter))
 9 FCPATH\index.php(56): CodeIgniter\Boot::bootWeb(Object(Config\Paths))
CRITICAL - 2024-12-04 14:48:12 --> CodeIgniter\View\Exceptions\ViewException: Invalid file: "fotografias/index.php"
[Method: GET, Route: fotografias]
in SYSTEMPATH\Exceptions\FrameworkException.php on line 41.
 1 SYSTEMPATH\View\View.php(222): CodeIgniter\Exceptions\FrameworkException::forInvalidFile('fotografias/index.php')
 2 SYSTEMPATH\Common.php(1171): CodeIgniter\View\View->render('fotografias/index', [], true)
 3 APPPATH\Controllers\FotografiaController.php(27): view('fotografias/index', [...])
 4 SYSTEMPATH\CodeIgniter.php(933): App\Controllers\FotografiaController->index()
 5 SYSTEMPATH\CodeIgniter.php(509): CodeIgniter\CodeIgniter->runController(Object(App\Controllers\FotografiaController))
 6 SYSTEMPATH\CodeIgniter.php(355): CodeIgniter\CodeIgniter->handleRequest(null, Object(Config\Cache), false)
 7 SYSTEMPATH\Boot.php(325): CodeIgniter\CodeIgniter->run()
 8 SYSTEMPATH\Boot.php(67): CodeIgniter\Boot::runCodeIgniter(Object(CodeIgniter\CodeIgniter))
 9 FCPATH\index.php(56): CodeIgniter\Boot::bootWeb(Object(Config\Paths))
CRITICAL - 2024-12-04 14:48:14 --> CodeIgniter\View\Exceptions\ViewException: Invalid file: "fotografias/index.php"
[Method: GET, Route: fotografias]
in SYSTEMPATH\Exceptions\FrameworkException.php on line 41.
 1 SYSTEMPATH\View\View.php(222): CodeIgniter\Exceptions\FrameworkException::forInvalidFile('fotografias/index.php')
 2 SYSTEMPATH\Common.php(1171): CodeIgniter\View\View->render('fotografias/index', [], true)
 3 APPPATH\Controllers\FotografiaController.php(27): view('fotografias/index', [...])
 4 SYSTEMPATH\CodeIgniter.php(933): App\Controllers\FotografiaController->index()
 5 SYSTEMPATH\CodeIgniter.php(509): CodeIgniter\CodeIgniter->runController(Object(App\Controllers\FotografiaController))
 6 SYSTEMPATH\CodeIgniter.php(355): CodeIgniter\CodeIgniter->handleRequest(null, Object(Config\Cache), false)
 7 SYSTEMPATH\Boot.php(325): CodeIgniter\CodeIgniter->run()
 8 SYSTEMPATH\Boot.php(67): CodeIgniter\Boot::runCodeIgniter(Object(CodeIgniter\CodeIgniter))
 9 FCPATH\index.php(56): CodeIgniter\Boot::bootWeb(Object(Config\Paths))
CRITICAL - 2024-12-04 14:48:14 --> CodeIgniter\View\Exceptions\ViewException: Invalid file: "fotografias/index.php"
[Method: GET, Route: fotografias]
in SYSTEMPATH\Exceptions\FrameworkException.php on line 41.
 1 SYSTEMPATH\View\View.php(222): CodeIgniter\Exceptions\FrameworkException::forInvalidFile('fotografias/index.php')
 2 SYSTEMPATH\Common.php(1171): CodeIgniter\View\View->render('fotografias/index', [], true)
 3 APPPATH\Controllers\FotografiaController.php(27): view('fotografias/index', [...])
 4 SYSTEMPATH\CodeIgniter.php(933): App\Controllers\FotografiaController->index()
 5 SYSTEMPATH\CodeIgniter.php(509): CodeIgniter\CodeIgniter->runController(Object(App\Controllers\FotografiaController))
 6 SYSTEMPATH\CodeIgniter.php(355): CodeIgniter\CodeIgniter->handleRequest(null, Object(Config\Cache), false)
 7 SYSTEMPATH\Boot.php(325): CodeIgniter\CodeIgniter->run()
 8 SYSTEMPATH\Boot.php(67): CodeIgniter\Boot::runCodeIgniter(Object(CodeIgniter\CodeIgniter))
 9 FCPATH\index.php(56): CodeIgniter\Boot::bootWeb(Object(Config\Paths))
CRITICAL - 2024-12-04 14:48:15 --> CodeIgniter\View\Exceptions\ViewException: Invalid file: "fotografias/index.php"
[Method: GET, Route: fotografias]
in SYSTEMPATH\Exceptions\FrameworkException.php on line 41.
 1 SYSTEMPATH\View\View.php(222): CodeIgniter\Exceptions\FrameworkException::forInvalidFile('fotografias/index.php')
 2 SYSTEMPATH\Common.php(1171): CodeIgniter\View\View->render('fotografias/index', [], true)
 3 APPPATH\Controllers\FotografiaController.php(27): view('fotografias/index', [...])
 4 SYSTEMPATH\CodeIgniter.php(933): App\Controllers\FotografiaController->index()
 5 SYSTEMPATH\CodeIgniter.php(509): CodeIgniter\CodeIgniter->runController(Object(App\Controllers\FotografiaController))
 6 SYSTEMPATH\CodeIgniter.php(355): CodeIgniter\CodeIgniter->handleRequest(null, Object(Config\Cache), false)
 7 SYSTEMPATH\Boot.php(325): CodeIgniter\CodeIgniter->run()
 8 SYSTEMPATH\Boot.php(67): CodeIgniter\Boot::runCodeIgniter(Object(CodeIgniter\CodeIgniter))
 9 FCPATH\index.php(56): CodeIgniter\Boot::bootWeb(Object(Config\Paths))
CRITICAL - 2024-12-04 14:48:15 --> CodeIgniter\View\Exceptions\ViewException: Invalid file: "fotografias/index.php"
[Method: GET, Route: fotografias]
in SYSTEMPATH\Exceptions\FrameworkException.php on line 41.
 1 SYSTEMPATH\View\View.php(222): CodeIgniter\Exceptions\FrameworkException::forInvalidFile('fotografias/index.php')
 2 SYSTEMPATH\Common.php(1171): CodeIgniter\View\View->render('fotografias/index', [], true)
 3 APPPATH\Controllers\FotografiaController.php(27): view('fotografias/index', [...])
 4 SYSTEMPATH\CodeIgniter.php(933): App\Controllers\FotografiaController->index()
 5 SYSTEMPATH\CodeIgniter.php(509): CodeIgniter\CodeIgniter->runController(Object(App\Controllers\FotografiaController))
 6 SYSTEMPATH\CodeIgniter.php(355): CodeIgniter\CodeIgniter->handleRequest(null, Object(Config\Cache), false)
 7 SYSTEMPATH\Boot.php(325): CodeIgniter\CodeIgniter->run()
 8 SYSTEMPATH\Boot.php(67): CodeIgniter\Boot::runCodeIgniter(Object(CodeIgniter\CodeIgniter))
 9 FCPATH\index.php(56): CodeIgniter\Boot::bootWeb(Object(Config\Paths))
CRITICAL - 2024-12-04 14:48:16 --> CodeIgniter\View\Exceptions\ViewException: Invalid file: "fotografias/index.php"
[Method: GET, Route: fotografias]
in SYSTEMPATH\Exceptions\FrameworkException.php on line 41.
 1 SYSTEMPATH\View\View.php(222): CodeIgniter\Exceptions\FrameworkException::forInvalidFile('fotografias/index.php')
 2 SYSTEMPATH\Common.php(1171): CodeIgniter\View\View->render('fotografias/index', [], true)
 3 APPPATH\Controllers\FotografiaController.php(27): view('fotografias/index', [...])
 4 SYSTEMPATH\CodeIgniter.php(933): App\Controllers\FotografiaController->index()
 5 SYSTEMPATH\CodeIgniter.php(509): CodeIgniter\CodeIgniter->runController(Object(App\Controllers\FotografiaController))
 6 SYSTEMPATH\CodeIgniter.php(355): CodeIgniter\CodeIgniter->handleRequest(null, Object(Config\Cache), false)
 7 SYSTEMPATH\Boot.php(325): CodeIgniter\CodeIgniter->run()
 8 SYSTEMPATH\Boot.php(67): CodeIgniter\Boot::runCodeIgniter(Object(CodeIgniter\CodeIgniter))
 9 FCPATH\index.php(56): CodeIgniter\Boot::bootWeb(Object(Config\Paths))
CRITICAL - 2024-12-04 14:48:37 --> CodeIgniter\View\Exceptions\ViewException: Invalid file: "fotografias/index.php"
[Method: GET, Route: fotografias]
in SYSTEMPATH\Exceptions\FrameworkException.php on line 41.
 1 SYSTEMPATH\View\View.php(222): CodeIgniter\Exceptions\FrameworkException::forInvalidFile('fotografias/index.php')
 2 SYSTEMPATH\Common.php(1171): CodeIgniter\View\View->render('fotografias/index', [], true)
 3 APPPATH\Controllers\FotografiaController.php(27): view('fotografias/index', [...])
 4 SYSTEMPATH\CodeIgniter.php(933): App\Controllers\FotografiaController->index()
 5 SYSTEMPATH\CodeIgniter.php(509): CodeIgniter\CodeIgniter->runController(Object(App\Controllers\FotografiaController))
 6 SYSTEMPATH\CodeIgniter.php(355): CodeIgniter\CodeIgniter->handleRequest(null, Object(Config\Cache), false)
 7 SYSTEMPATH\Boot.php(325): CodeIgniter\CodeIgniter->run()
 8 SYSTEMPATH\Boot.php(67): CodeIgniter\Boot::runCodeIgniter(Object(CodeIgniter\CodeIgniter))
 9 FCPATH\index.php(56): CodeIgniter\Boot::bootWeb(Object(Config\Paths))
CRITICAL - 2024-12-04 14:49:22 --> CodeIgniter\View\Exceptions\ViewException: Invalid file: "fotografias/index.php"
[Method: GET, Route: fotografia]
in SYSTEMPATH\Exceptions\FrameworkException.php on line 41.
 1 SYSTEMPATH\View\View.php(222): CodeIgniter\Exceptions\FrameworkException::forInvalidFile('fotografias/index.php')
 2 SYSTEMPATH\Common.php(1171): CodeIgniter\View\View->render('fotografias/index', [], true)
 3 APPPATH\Controllers\FotografiaController.php(27): view('fotografias/index', [...])
 4 SYSTEMPATH\CodeIgniter.php(933): App\Controllers\FotografiaController->index()
 5 SYSTEMPATH\CodeIgniter.php(509): CodeIgniter\CodeIgniter->runController(Object(App\Controllers\FotografiaController))
 6 SYSTEMPATH\CodeIgniter.php(355): CodeIgniter\CodeIgniter->handleRequest(null, Object(Config\Cache), false)
 7 SYSTEMPATH\Boot.php(325): CodeIgniter\CodeIgniter->run()
 8 SYSTEMPATH\Boot.php(67): CodeIgniter\Boot::runCodeIgniter(Object(CodeIgniter\CodeIgniter))
 9 FCPATH\index.php(56): CodeIgniter\Boot::bootWeb(Object(Config\Paths))
CRITICAL - 2024-12-04 14:50:12 --> CodeIgniter\View\Exceptions\ViewException: Invalid file: "fotografias/index.php"
[Method: GET, Route: fotografia]
in SYSTEMPATH\Exceptions\FrameworkException.php on line 41.
 1 SYSTEMPATH\View\View.php(222): CodeIgniter\Exceptions\FrameworkException::forInvalidFile('fotografias/index.php')
 2 SYSTEMPATH\Common.php(1171): CodeIgniter\View\View->render('fotografias/index', [], true)
 3 APPPATH\Controllers\FotografiaController.php(27): view('fotografias/index', [...])
 4 SYSTEMPATH\CodeIgniter.php(933): App\Controllers\FotografiaController->index()
 5 SYSTEMPATH\CodeIgniter.php(509): CodeIgniter\CodeIgniter->runController(Object(App\Controllers\FotografiaController))
 6 SYSTEMPATH\CodeIgniter.php(355): CodeIgniter\CodeIgniter->handleRequest(null, Object(Config\Cache), false)
 7 SYSTEMPATH\Boot.php(325): CodeIgniter\CodeIgniter->run()
 8 SYSTEMPATH\Boot.php(67): CodeIgniter\Boot::runCodeIgniter(Object(CodeIgniter\CodeIgniter))
 9 FCPATH\index.php(56): CodeIgniter\Boot::bootWeb(Object(Config\Paths))
CRITICAL - 2024-12-04 14:50:13 --> CodeIgniter\View\Exceptions\ViewException: Invalid file: "fotografias/index.php"
[Method: GET, Route: fotografia]
in SYSTEMPATH\Exceptions\FrameworkException.php on line 41.
 1 SYSTEMPATH\View\View.php(222): CodeIgniter\Exceptions\FrameworkException::forInvalidFile('fotografias/index.php')
 2 SYSTEMPATH\Common.php(1171): CodeIgniter\View\View->render('fotografias/index', [], true)
 3 APPPATH\Controllers\FotografiaController.php(27): view('fotografias/index', [...])
 4 SYSTEMPATH\CodeIgniter.php(933): App\Controllers\FotografiaController->index()
 5 SYSTEMPATH\CodeIgniter.php(509): CodeIgniter\CodeIgniter->runController(Object(App\Controllers\FotografiaController))
 6 SYSTEMPATH\CodeIgniter.php(355): CodeIgniter\CodeIgniter->handleRequest(null, Object(Config\Cache), false)
 7 SYSTEMPATH\Boot.php(325): CodeIgniter\CodeIgniter->run()
 8 SYSTEMPATH\Boot.php(67): CodeIgniter\Boot::runCodeIgniter(Object(CodeIgniter\CodeIgniter))
 9 FCPATH\index.php(56): CodeIgniter\Boot::bootWeb(Object(Config\Paths))
CRITICAL - 2024-12-04 14:50:48 --> CodeIgniter\View\Exceptions\ViewException: Invalid file: "fotografias/index.php"
[Method: GET, Route: fotografia]
in SYSTEMPATH\Exceptions\FrameworkException.php on line 41.
 1 SYSTEMPATH\View\View.php(222): CodeIgniter\Exceptions\FrameworkException::forInvalidFile('fotografias/index.php')
 2 SYSTEMPATH\Common.php(1171): CodeIgniter\View\View->render('fotografias/index', [], true)
 3 APPPATH\Controllers\FotografiaController.php(27): view('fotografias/index', [...])
 4 SYSTEMPATH\CodeIgniter.php(933): App\Controllers\FotografiaController->index()
 5 SYSTEMPATH\CodeIgniter.php(509): CodeIgniter\CodeIgniter->runController(Object(App\Controllers\FotografiaController))
 6 SYSTEMPATH\CodeIgniter.php(355): CodeIgniter\CodeIgniter->handleRequest(null, Object(Config\Cache), false)
 7 SYSTEMPATH\Boot.php(325): CodeIgniter\CodeIgniter->run()
 8 SYSTEMPATH\Boot.php(67): CodeIgniter\Boot::runCodeIgniter(Object(CodeIgniter\CodeIgniter))
 9 FCPATH\index.php(56): CodeIgniter\Boot::bootWeb(Object(Config\Paths))
CRITICAL - 2024-12-04 14:50:54 --> CodeIgniter\View\Exceptions\ViewException: Invalid file: "fotografias/index.php"
[Method: GET, Route: fotografia]
in SYSTEMPATH\Exceptions\FrameworkException.php on line 41.
 1 SYSTEMPATH\View\View.php(222): CodeIgniter\Exceptions\FrameworkException::forInvalidFile('fotografias/index.php')
 2 SYSTEMPATH\Common.php(1171): CodeIgniter\View\View->render('fotografias/index', [], true)
 3 APPPATH\Controllers\FotografiaController.php(27): view('fotografias/index', [...])
 4 SYSTEMPATH\CodeIgniter.php(933): App\Controllers\FotografiaController->index()
 5 SYSTEMPATH\CodeIgniter.php(509): CodeIgniter\CodeIgniter->runController(Object(App\Controllers\FotografiaController))
 6 SYSTEMPATH\CodeIgniter.php(355): CodeIgniter\CodeIgniter->handleRequest(null, Object(Config\Cache), false)
 7 SYSTEMPATH\Boot.php(325): CodeIgniter\CodeIgniter->run()
 8 SYSTEMPATH\Boot.php(67): CodeIgniter\Boot::runCodeIgniter(Object(CodeIgniter\CodeIgniter))
 9 FCPATH\index.php(56): CodeIgniter\Boot::bootWeb(Object(Config\Paths))
CRITICAL - 2024-12-04 14:50:55 --> CodeIgniter\View\Exceptions\ViewException: Invalid file: "fotografias/index.php"
[Method: GET, Route: fotografia]
in SYSTEMPATH\Exceptions\FrameworkException.php on line 41.
 1 SYSTEMPATH\View\View.php(222): CodeIgniter\Exceptions\FrameworkException::forInvalidFile('fotografias/index.php')
 2 SYSTEMPATH\Common.php(1171): CodeIgniter\View\View->render('fotografias/index', [], true)
 3 APPPATH\Controllers\FotografiaController.php(27): view('fotografias/index', [...])
 4 SYSTEMPATH\CodeIgniter.php(933): App\Controllers\FotografiaController->index()
 5 SYSTEMPATH\CodeIgniter.php(509): CodeIgniter\CodeIgniter->runController(Object(App\Controllers\FotografiaController))
 6 SYSTEMPATH\CodeIgniter.php(355): CodeIgniter\CodeIgniter->handleRequest(null, Object(Config\Cache), false)
 7 SYSTEMPATH\Boot.php(325): CodeIgniter\CodeIgniter->run()
 8 SYSTEMPATH\Boot.php(67): CodeIgniter\Boot::runCodeIgniter(Object(CodeIgniter\CodeIgniter))
 9 FCPATH\index.php(56): CodeIgniter\Boot::bootWeb(Object(Config\Paths))
CRITICAL - 2024-12-04 14:50:56 --> CodeIgniter\View\Exceptions\ViewException: Invalid file: "fotografias/index.php"
[Method: GET, Route: fotografia]
in SYSTEMPATH\Exceptions\FrameworkException.php on line 41.
 1 SYSTEMPATH\View\View.php(222): CodeIgniter\Exceptions\FrameworkException::forInvalidFile('fotografias/index.php')
 2 SYSTEMPATH\Common.php(1171): CodeIgniter\View\View->render('fotografias/index', [], true)
 3 APPPATH\Controllers\FotografiaController.php(27): view('fotografias/index', [...])
 4 SYSTEMPATH\CodeIgniter.php(933): App\Controllers\FotografiaController->index()
 5 SYSTEMPATH\CodeIgniter.php(509): CodeIgniter\CodeIgniter->runController(Object(App\Controllers\FotografiaController))
 6 SYSTEMPATH\CodeIgniter.php(355): CodeIgniter\CodeIgniter->handleRequest(null, Object(Config\Cache), false)
 7 SYSTEMPATH\Boot.php(325): CodeIgniter\CodeIgniter->run()
 8 SYSTEMPATH\Boot.php(67): CodeIgniter\Boot::runCodeIgniter(Object(CodeIgniter\CodeIgniter))
 9 FCPATH\index.php(56): CodeIgniter\Boot::bootWeb(Object(Config\Paths))
CRITICAL - 2024-12-04 14:50:56 --> CodeIgniter\View\Exceptions\ViewException: Invalid file: "fotografias/index.php"
[Method: GET, Route: fotografia]
in SYSTEMPATH\Exceptions\FrameworkException.php on line 41.
 1 SYSTEMPATH\View\View.php(222): CodeIgniter\Exceptions\FrameworkException::forInvalidFile('fotografias/index.php')
 2 SYSTEMPATH\Common.php(1171): CodeIgniter\View\View->render('fotografias/index', [], true)
 3 APPPATH\Controllers\FotografiaController.php(27): view('fotografias/index', [...])
 4 SYSTEMPATH\CodeIgniter.php(933): App\Controllers\FotografiaController->index()
 5 SYSTEMPATH\CodeIgniter.php(509): CodeIgniter\CodeIgniter->runController(Object(App\Controllers\FotografiaController))
 6 SYSTEMPATH\CodeIgniter.php(355): CodeIgniter\CodeIgniter->handleRequest(null, Object(Config\Cache), false)
 7 SYSTEMPATH\Boot.php(325): CodeIgniter\CodeIgniter->run()
 8 SYSTEMPATH\Boot.php(67): CodeIgniter\Boot::runCodeIgniter(Object(CodeIgniter\CodeIgniter))
 9 FCPATH\index.php(56): CodeIgniter\Boot::bootWeb(Object(Config\Paths))
CRITICAL - 2024-12-04 14:52:08 --> CodeIgniter\View\Exceptions\ViewException: Invalid file: "fotografias/index.php"
[Method: GET, Route: fotografia]
in SYSTEMPATH\Exceptions\FrameworkException.php on line 41.
 1 SYSTEMPATH\View\View.php(222): CodeIgniter\Exceptions\FrameworkException::forInvalidFile('fotografias/index.php')
 2 SYSTEMPATH\Common.php(1171): CodeIgniter\View\View->render('fotografias/index', [], true)
 3 APPPATH\Controllers\FotografiaController.php(27): view('fotografias/index', [...])
 4 SYSTEMPATH\CodeIgniter.php(933): App\Controllers\FotografiaController->index()
 5 SYSTEMPATH\CodeIgniter.php(509): CodeIgniter\CodeIgniter->runController(Object(App\Controllers\FotografiaController))
 6 SYSTEMPATH\CodeIgniter.php(355): CodeIgniter\CodeIgniter->handleRequest(null, Object(Config\Cache), false)
 7 SYSTEMPATH\Boot.php(325): CodeIgniter\CodeIgniter->run()
 8 SYSTEMPATH\Boot.php(67): CodeIgniter\Boot::runCodeIgniter(Object(CodeIgniter\CodeIgniter))
 9 FCPATH\index.php(56): CodeIgniter\Boot::bootWeb(Object(Config\Paths))
CRITICAL - 2024-12-04 14:52:41 --> ErrorException: Undefined variable $fotografias
[Method: GET, Route: fotografia]
in APPPATH\Views\fotografia\index.php on line 38.
 1 APPPATH\Views\fotografia\index.php(38): CodeIgniter\Debug\Exceptions->errorHandler(2, 'Undefined variable $fotografias', 'C:\\laragon\\www\\fotobook\\app\\Views\\fotografia\\index.php', 38)
 2 SYSTEMPATH\View\View.php(234): include('C:\\laragon\\www\\fotobook\\app\\Views\\fotografia\\index.php')
 3 SYSTEMPATH\View\View.php(237): CodeIgniter\View\View->CodeIgniter\View\{closure}()
 4 SYSTEMPATH\Common.php(1171): CodeIgniter\View\View->render('fotografia/index', [], true)
 5 APPPATH\Controllers\FotografiaController.php(27): view('fotografia/index', [...])
 6 SYSTEMPATH\CodeIgniter.php(933): App\Controllers\FotografiaController->index()
 7 SYSTEMPATH\CodeIgniter.php(509): CodeIgniter\CodeIgniter->runController(Object(App\Controllers\FotografiaController))
 8 SYSTEMPATH\CodeIgniter.php(355): CodeIgniter\CodeIgniter->handleRequest(null, Object(Config\Cache), false)
 9 SYSTEMPATH\Boot.php(325): CodeIgniter\CodeIgniter->run()
10 SYSTEMPATH\Boot.php(67): CodeIgniter\Boot::runCodeIgniter(Object(CodeIgniter\CodeIgniter))
11 FCPATH\index.php(56): CodeIgniter\Boot::bootWeb(Object(Config\Paths))
CRITICAL - 2024-12-04 14:53:13 --> ErrorException: Undefined variable $fotografias
[Method: GET, Route: fotografia]
in APPPATH\Views\fotografia\index.php on line 38.
 1 APPPATH\Views\fotografia\index.php(38): CodeIgniter\Debug\Exceptions->errorHandler(2, 'Undefined variable $fotografias', 'C:\\laragon\\www\\fotobook\\app\\Views\\fotografia\\index.php', 38)
 2 SYSTEMPATH\View\View.php(234): include('C:\\laragon\\www\\fotobook\\app\\Views\\fotografia\\index.php')
 3 SYSTEMPATH\View\View.php(237): CodeIgniter\View\View->CodeIgniter\View\{closure}()
 4 SYSTEMPATH\Common.php(1171): CodeIgniter\View\View->render('fotografia/index', [], true)
 5 APPPATH\Controllers\FotografiaController.php(27): view('fotografia/index', [...])
 6 SYSTEMPATH\CodeIgniter.php(933): App\Controllers\FotografiaController->index()
 7 SYSTEMPATH\CodeIgniter.php(509): CodeIgniter\CodeIgniter->runController(Object(App\Controllers\FotografiaController))
 8 SYSTEMPATH\CodeIgniter.php(355): CodeIgniter\CodeIgniter->handleRequest(null, Object(Config\Cache), false)
 9 SYSTEMPATH\Boot.php(325): CodeIgniter\CodeIgniter->run()
10 SYSTEMPATH\Boot.php(67): CodeIgniter\Boot::runCodeIgniter(Object(CodeIgniter\CodeIgniter))
11 FCPATH\index.php(56): CodeIgniter\Boot::bootWeb(Object(Config\Paths))
CRITICAL - 2024-12-04 14:53:28 --> ErrorException: Undefined array key "id"
[Method: GET, Route: fotografia]
in APPPATH\Views\fotografia\index.php on line 47.
 1 APPPATH\Views\fotografia\index.php(47): CodeIgniter\Debug\Exceptions->errorHandler(2, 'Undefined array key "id"', 'C:\\laragon\\www\\fotobook\\app\\Views\\fotografia\\index.php', 47)
 2 SYSTEMPATH\View\View.php(234): include('C:\\laragon\\www\\fotobook\\app\\Views\\fotografia\\index.php')
 3 SYSTEMPATH\View\View.php(237): CodeIgniter\View\View->CodeIgniter\View\{closure}()
 4 SYSTEMPATH\Common.php(1171): CodeIgniter\View\View->render('fotografia/index', [], true)
 5 APPPATH\Controllers\FotografiaController.php(27): view('fotografia/index', [...])
 6 SYSTEMPATH\CodeIgniter.php(933): App\Controllers\FotografiaController->index()
 7 SYSTEMPATH\CodeIgniter.php(509): CodeIgniter\CodeIgniter->runController(Object(App\Controllers\FotografiaController))
 8 SYSTEMPATH\CodeIgniter.php(355): CodeIgniter\CodeIgniter->handleRequest(null, Object(Config\Cache), false)
 9 SYSTEMPATH\Boot.php(325): CodeIgniter\CodeIgniter->run()
10 SYSTEMPATH\Boot.php(67): CodeIgniter\Boot::runCodeIgniter(Object(CodeIgniter\CodeIgniter))
11 FCPATH\index.php(56): CodeIgniter\Boot::bootWeb(Object(Config\Paths))
CRITICAL - 2024-12-04 14:53:47 --> ErrorException: Undefined array key "id"
[Method: GET, Route: fotografia]
in APPPATH\Views\fotografia\index.php on line 47.
 1 APPPATH\Views\fotografia\index.php(47): CodeIgniter\Debug\Exceptions->errorHandler(2, 'Undefined array key "id"', 'C:\\laragon\\www\\fotobook\\app\\Views\\fotografia\\index.php', 47)
 2 SYSTEMPATH\View\View.php(234): include('C:\\laragon\\www\\fotobook\\app\\Views\\fotografia\\index.php')
 3 SYSTEMPATH\View\View.php(237): CodeIgniter\View\View->CodeIgniter\View\{closure}()
 4 SYSTEMPATH\Common.php(1171): CodeIgniter\View\View->render('fotografia/index', [], true)
 5 APPPATH\Controllers\FotografiaController.php(27): view('fotografia/index', [...])
 6 SYSTEMPATH\CodeIgniter.php(933): App\Controllers\FotografiaController->index()
 7 SYSTEMPATH\CodeIgniter.php(509): CodeIgniter\CodeIgniter->runController(Object(App\Controllers\FotografiaController))
 8 SYSTEMPATH\CodeIgniter.php(355): CodeIgniter\CodeIgniter->handleRequest(null, Object(Config\Cache), false)
 9 SYSTEMPATH\Boot.php(325): CodeIgniter\CodeIgniter->run()
10 SYSTEMPATH\Boot.php(67): CodeIgniter\Boot::runCodeIgniter(Object(CodeIgniter\CodeIgniter))
11 FCPATH\index.php(56): CodeIgniter\Boot::bootWeb(Object(Config\Paths))
CRITICAL - 2024-12-04 14:54:13 --> ErrorException: Undefined array key "fotografia"
[Method: GET, Route: fotografia/1]
in APPPATH\Views\fotografia\show.php on line 10.
 1 APPPATH\Views\fotografia\show.php(10): CodeIgniter\Debug\Exceptions->errorHandler(2, 'Undefined array key "fotografia"', 'C:\\laragon\\www\\fotobook\\app\\Views\\fotografia\\show.php', 10)
 2 SYSTEMPATH\View\View.php(234): include('C:\\laragon\\www\\fotobook\\app\\Views\\fotografia\\show.php')
 3 SYSTEMPATH\View\View.php(237): CodeIgniter\View\View->CodeIgniter\View\{closure}()
 4 SYSTEMPATH\Common.php(1171): CodeIgniter\View\View->render('fotografia/show', [], true)
 5 APPPATH\Controllers\FotografiaController.php(38): view('fotografia/show', [...])
 6 SYSTEMPATH\CodeIgniter.php(933): App\Controllers\FotografiaController->show('1')
 7 SYSTEMPATH\CodeIgniter.php(509): CodeIgniter\CodeIgniter->runController(Object(App\Controllers\FotografiaController))
 8 SYSTEMPATH\CodeIgniter.php(355): CodeIgniter\CodeIgniter->handleRequest(null, Object(Config\Cache), false)
 9 SYSTEMPATH\Boot.php(325): CodeIgniter\CodeIgniter->run()
10 SYSTEMPATH\Boot.php(67): CodeIgniter\Boot::runCodeIgniter(Object(CodeIgniter\CodeIgniter))
11 FCPATH\index.php(56): CodeIgniter\Boot::bootWeb(Object(Config\Paths))
CRITICAL - 2024-12-04 14:54:31 --> ErrorException: Undefined variable $fotografias
[Method: GET, Route: fotografia/1]
in APPPATH\Views\fotografia\show.php on line 10.
 1 APPPATH\Views\fotografia\show.php(10): CodeIgniter\Debug\Exceptions->errorHandler(2, 'Undefined variable $fotografias', 'C:\\laragon\\www\\fotobook\\app\\Views\\fotografia\\show.php', 10)
 2 SYSTEMPATH\View\View.php(234): include('C:\\laragon\\www\\fotobook\\app\\Views\\fotografia\\show.php')
 3 SYSTEMPATH\View\View.php(237): CodeIgniter\View\View->CodeIgniter\View\{closure}()
 4 SYSTEMPATH\Common.php(1171): CodeIgniter\View\View->render('fotografia/show', [], true)
 5 APPPATH\Controllers\FotografiaController.php(38): view('fotografia/show', [...])
 6 SYSTEMPATH\CodeIgniter.php(933): App\Controllers\FotografiaController->show('1')
 7 SYSTEMPATH\CodeIgniter.php(509): CodeIgniter\CodeIgniter->runController(Object(App\Controllers\FotografiaController))
 8 SYSTEMPATH\CodeIgniter.php(355): CodeIgniter\CodeIgniter->handleRequest(null, Object(Config\Cache), false)
 9 SYSTEMPATH\Boot.php(325): CodeIgniter\CodeIgniter->run()
10 SYSTEMPATH\Boot.php(67): CodeIgniter\Boot::runCodeIgniter(Object(CodeIgniter\CodeIgniter))
11 FCPATH\index.php(56): CodeIgniter\Boot::bootWeb(Object(Config\Paths))
CRITICAL - 2024-12-04 14:54:45 --> ErrorException: Undefined array key "fotografias"
[Method: GET, Route: fotografia/1]
in APPPATH\Views\fotografia\show.php on line 10.
 1 APPPATH\Views\fotografia\show.php(10): CodeIgniter\Debug\Exceptions->errorHandler(2, 'Undefined array key "fotografias"', 'C:\\laragon\\www\\fotobook\\app\\Views\\fotografia\\show.php', 10)
 2 SYSTEMPATH\View\View.php(234): include('C:\\laragon\\www\\fotobook\\app\\Views\\fotografia\\show.php')
 3 SYSTEMPATH\View\View.php(237): CodeIgniter\View\View->CodeIgniter\View\{closure}()
 4 SYSTEMPATH\Common.php(1171): CodeIgniter\View\View->render('fotografia/show', [], true)
 5 APPPATH\Controllers\FotografiaController.php(38): view('fotografia/show', [...])
 6 SYSTEMPATH\CodeIgniter.php(933): App\Controllers\FotografiaController->show('1')
 7 SYSTEMPATH\CodeIgniter.php(509): CodeIgniter\CodeIgniter->runController(Object(App\Controllers\FotografiaController))
 8 SYSTEMPATH\CodeIgniter.php(355): CodeIgniter\CodeIgniter->handleRequest(null, Object(Config\Cache), false)
 9 SYSTEMPATH\Boot.php(325): CodeIgniter\CodeIgniter->run()
10 SYSTEMPATH\Boot.php(67): CodeIgniter\Boot::runCodeIgniter(Object(CodeIgniter\CodeIgniter))
11 FCPATH\index.php(56): CodeIgniter\Boot::bootWeb(Object(Config\Paths))
CRITICAL - 2024-12-04 14:55:11 --> ErrorException: Undefined array key "fotografias"
[Method: GET, Route: fotografia/1]
in APPPATH\Views\fotografia\show.php on line 10.
 1 APPPATH\Views\fotografia\show.php(10): CodeIgniter\Debug\Exceptions->errorHandler(2, 'Undefined array key "fotografias"', 'C:\\laragon\\www\\fotobook\\app\\Views\\fotografia\\show.php', 10)
 2 SYSTEMPATH\View\View.php(234): include('C:\\laragon\\www\\fotobook\\app\\Views\\fotografia\\show.php')
 3 SYSTEMPATH\View\View.php(237): CodeIgniter\View\View->CodeIgniter\View\{closure}()
 4 SYSTEMPATH\Common.php(1171): CodeIgniter\View\View->render('fotografia/show', [], true)
 5 APPPATH\Controllers\FotografiaController.php(38): view('fotografia/show', [...])
 6 SYSTEMPATH\CodeIgniter.php(933): App\Controllers\FotografiaController->show('1')
 7 SYSTEMPATH\CodeIgniter.php(509): CodeIgniter\CodeIgniter->runController(Object(App\Controllers\FotografiaController))
 8 SYSTEMPATH\CodeIgniter.php(355): CodeIgniter\CodeIgniter->handleRequest(null, Object(Config\Cache), false)
 9 SYSTEMPATH\Boot.php(325): CodeIgniter\CodeIgniter->run()
10 SYSTEMPATH\Boot.php(67): CodeIgniter\Boot::runCodeIgniter(Object(CodeIgniter\CodeIgniter))
11 FCPATH\index.php(56): CodeIgniter\Boot::bootWeb(Object(Config\Paths))
CRITICAL - 2024-12-04 14:55:12 --> ErrorException: Undefined array key "fotografias"
[Method: GET, Route: fotografia/1]
in APPPATH\Views\fotografia\show.php on line 10.
 1 APPPATH\Views\fotografia\show.php(10): CodeIgniter\Debug\Exceptions->errorHandler(2, 'Undefined array key "fotografias"', 'C:\\laragon\\www\\fotobook\\app\\Views\\fotografia\\show.php', 10)
 2 SYSTEMPATH\View\View.php(234): include('C:\\laragon\\www\\fotobook\\app\\Views\\fotografia\\show.php')
 3 SYSTEMPATH\View\View.php(237): CodeIgniter\View\View->CodeIgniter\View\{closure}()
 4 SYSTEMPATH\Common.php(1171): CodeIgniter\View\View->render('fotografia/show', [], true)
 5 APPPATH\Controllers\FotografiaController.php(38): view('fotografia/show', [...])
 6 SYSTEMPATH\CodeIgniter.php(933): App\Controllers\FotografiaController->show('1')
 7 SYSTEMPATH\CodeIgniter.php(509): CodeIgniter\CodeIgniter->runController(Object(App\Controllers\FotografiaController))
 8 SYSTEMPATH\CodeIgniter.php(355): CodeIgniter\CodeIgniter->handleRequest(null, Object(Config\Cache), false)
 9 SYSTEMPATH\Boot.php(325): CodeIgniter\CodeIgniter->run()
10 SYSTEMPATH\Boot.php(67): CodeIgniter\Boot::runCodeIgniter(Object(CodeIgniter\CodeIgniter))
11 FCPATH\index.php(56): CodeIgniter\Boot::bootWeb(Object(Config\Paths))
CRITICAL - 2024-12-04 14:55:25 --> ErrorException: Undefined variable $fotografias
[Method: GET, Route: fotografia/1]
in APPPATH\Views\fotografia\show.php on line 10.
 1 APPPATH\Views\fotografia\show.php(10): CodeIgniter\Debug\Exceptions->errorHandler(2, 'Undefined variable $fotografias', 'C:\\laragon\\www\\fotobook\\app\\Views\\fotografia\\show.php', 10)
 2 SYSTEMPATH\View\View.php(234): include('C:\\laragon\\www\\fotobook\\app\\Views\\fotografia\\show.php')
 3 SYSTEMPATH\View\View.php(237): CodeIgniter\View\View->CodeIgniter\View\{closure}()
 4 SYSTEMPATH\Common.php(1171): CodeIgniter\View\View->render('fotografia/show', [], true)
 5 APPPATH\Controllers\FotografiaController.php(38): view('fotografia/show', [...])
 6 SYSTEMPATH\CodeIgniter.php(933): App\Controllers\FotografiaController->show('1')
 7 SYSTEMPATH\CodeIgniter.php(509): CodeIgniter\CodeIgniter->runController(Object(App\Controllers\FotografiaController))
 8 SYSTEMPATH\CodeIgniter.php(355): CodeIgniter\CodeIgniter->handleRequest(null, Object(Config\Cache), false)
 9 SYSTEMPATH\Boot.php(325): CodeIgniter\CodeIgniter->run()
10 SYSTEMPATH\Boot.php(67): CodeIgniter\Boot::runCodeIgniter(Object(CodeIgniter\CodeIgniter))
11 FCPATH\index.php(56): CodeIgniter\Boot::bootWeb(Object(Config\Paths))
CRITICAL - 2024-12-04 14:55:27 --> ErrorException: Undefined variable $fotografias
[Method: GET, Route: fotografia/1]
in APPPATH\Views\fotografia\show.php on line 10.
 1 APPPATH\Views\fotografia\show.php(10): CodeIgniter\Debug\Exceptions->errorHandler(2, 'Undefined variable $fotografias', 'C:\\laragon\\www\\fotobook\\app\\Views\\fotografia\\show.php', 10)
 2 SYSTEMPATH\View\View.php(234): include('C:\\laragon\\www\\fotobook\\app\\Views\\fotografia\\show.php')
 3 SYSTEMPATH\View\View.php(237): CodeIgniter\View\View->CodeIgniter\View\{closure}()
 4 SYSTEMPATH\Common.php(1171): CodeIgniter\View\View->render('fotografia/show', [], true)
 5 APPPATH\Controllers\FotografiaController.php(38): view('fotografia/show', [...])
 6 SYSTEMPATH\CodeIgniter.php(933): App\Controllers\FotografiaController->show('1')
 7 SYSTEMPATH\CodeIgniter.php(509): CodeIgniter\CodeIgniter->runController(Object(App\Controllers\FotografiaController))
 8 SYSTEMPATH\CodeIgniter.php(355): CodeIgniter\CodeIgniter->handleRequest(null, Object(Config\Cache), false)
 9 SYSTEMPATH\Boot.php(325): CodeIgniter\CodeIgniter->run()
10 SYSTEMPATH\Boot.php(67): CodeIgniter\Boot::runCodeIgniter(Object(CodeIgniter\CodeIgniter))
11 FCPATH\index.php(56): CodeIgniter\Boot::bootWeb(Object(Config\Paths))
CRITICAL - 2024-12-04 14:55:42 --> ErrorException: Undefined variable $fotografias
[Method: GET, Route: fotografia/1]
in APPPATH\Views\fotografia\show.php on line 10.
 1 APPPATH\Views\fotografia\show.php(10): CodeIgniter\Debug\Exceptions->errorHandler(2, 'Undefined variable $fotografias', 'C:\\laragon\\www\\fotobook\\app\\Views\\fotografia\\show.php', 10)
 2 SYSTEMPATH\View\View.php(234): include('C:\\laragon\\www\\fotobook\\app\\Views\\fotografia\\show.php')
 3 SYSTEMPATH\View\View.php(237): CodeIgniter\View\View->CodeIgniter\View\{closure}()
 4 SYSTEMPATH\Common.php(1171): CodeIgniter\View\View->render('fotografia/show', [], true)
 5 APPPATH\Controllers\FotografiaController.php(38): view('fotografia/show', [...])
 6 SYSTEMPATH\CodeIgniter.php(933): App\Controllers\FotografiaController->show('1')
 7 SYSTEMPATH\CodeIgniter.php(509): CodeIgniter\CodeIgniter->runController(Object(App\Controllers\FotografiaController))
 8 SYSTEMPATH\CodeIgniter.php(355): CodeIgniter\CodeIgniter->handleRequest(null, Object(Config\Cache), false)
 9 SYSTEMPATH\Boot.php(325): CodeIgniter\CodeIgniter->run()
10 SYSTEMPATH\Boot.php(67): CodeIgniter\Boot::runCodeIgniter(Object(CodeIgniter\CodeIgniter))
11 FCPATH\index.php(56): CodeIgniter\Boot::bootWeb(Object(Config\Paths))
CRITICAL - 2024-12-04 14:56:08 --> ErrorException: Undefined array key "fotografias"
[Method: GET, Route: fotografia/1]
in APPPATH\Views\fotografia\show.php on line 10.
 1 APPPATH\Views\fotografia\show.php(10): CodeIgniter\Debug\Exceptions->errorHandler(2, 'Undefined array key "fotografias"', 'C:\\laragon\\www\\fotobook\\app\\Views\\fotografia\\show.php', 10)
 2 SYSTEMPATH\View\View.php(234): include('C:\\laragon\\www\\fotobook\\app\\Views\\fotografia\\show.php')
 3 SYSTEMPATH\View\View.php(237): CodeIgniter\View\View->CodeIgniter\View\{closure}()
 4 SYSTEMPATH\Common.php(1171): CodeIgniter\View\View->render('fotografia/show', [], true)
 5 APPPATH\Controllers\FotografiaController.php(38): view('fotografia/show', [...])
 6 SYSTEMPATH\CodeIgniter.php(933): App\Controllers\FotografiaController->show('1')
 7 SYSTEMPATH\CodeIgniter.php(509): CodeIgniter\CodeIgniter->runController(Object(App\Controllers\FotografiaController))
 8 SYSTEMPATH\CodeIgniter.php(355): CodeIgniter\CodeIgniter->handleRequest(null, Object(Config\Cache), false)
 9 SYSTEMPATH\Boot.php(325): CodeIgniter\CodeIgniter->run()
10 SYSTEMPATH\Boot.php(67): CodeIgniter\Boot::runCodeIgniter(Object(CodeIgniter\CodeIgniter))
11 FCPATH\index.php(56): CodeIgniter\Boot::bootWeb(Object(Config\Paths))
CRITICAL - 2024-12-04 14:56:14 --> ErrorException: Undefined array key "fotografias"
[Method: GET, Route: fotografia/1]
in APPPATH\Views\fotografia\show.php on line 10.
 1 APPPATH\Views\fotografia\show.php(10): CodeIgniter\Debug\Exceptions->errorHandler(2, 'Undefined array key "fotografias"', 'C:\\laragon\\www\\fotobook\\app\\Views\\fotografia\\show.php', 10)
 2 SYSTEMPATH\View\View.php(234): include('C:\\laragon\\www\\fotobook\\app\\Views\\fotografia\\show.php')
 3 SYSTEMPATH\View\View.php(237): CodeIgniter\View\View->CodeIgniter\View\{closure}()
 4 SYSTEMPATH\Common.php(1171): CodeIgniter\View\View->render('fotografia/show', [], true)
 5 APPPATH\Controllers\FotografiaController.php(38): view('fotografia/show', [...])
 6 SYSTEMPATH\CodeIgniter.php(933): App\Controllers\FotografiaController->show('1')
 7 SYSTEMPATH\CodeIgniter.php(509): CodeIgniter\CodeIgniter->runController(Object(App\Controllers\FotografiaController))
 8 SYSTEMPATH\CodeIgniter.php(355): CodeIgniter\CodeIgniter->handleRequest(null, Object(Config\Cache), false)
 9 SYSTEMPATH\Boot.php(325): CodeIgniter\CodeIgniter->run()
10 SYSTEMPATH\Boot.php(67): CodeIgniter\Boot::runCodeIgniter(Object(CodeIgniter\CodeIgniter))
11 FCPATH\index.php(56): CodeIgniter\Boot::bootWeb(Object(Config\Paths))
CRITICAL - 2024-12-04 14:57:54 --> CodeIgniter\View\Exceptions\ViewException: Invalid file: "fotografias/edit.php"
[Method: GET, Route: fotografia/1/edit]
in SYSTEMPATH\Exceptions\FrameworkException.php on line 41.
 1 SYSTEMPATH\View\View.php(222): CodeIgniter\Exceptions\FrameworkException::forInvalidFile('fotografias/edit.php')
 2 SYSTEMPATH\Common.php(1171): CodeIgniter\View\View->render('fotografias/edit', [], true)
 3 APPPATH\Controllers\FotografiaController.php(74): view('fotografias/edit', [...])
 4 SYSTEMPATH\CodeIgniter.php(933): App\Controllers\FotografiaController->edit('1')
 5 SYSTEMPATH\CodeIgniter.php(509): CodeIgniter\CodeIgniter->runController(Object(App\Controllers\FotografiaController))
 6 SYSTEMPATH\CodeIgniter.php(355): CodeIgniter\CodeIgniter->handleRequest(null, Object(Config\Cache), false)
 7 SYSTEMPATH\Boot.php(325): CodeIgniter\CodeIgniter->run()
 8 SYSTEMPATH\Boot.php(67): CodeIgniter\Boot::runCodeIgniter(Object(CodeIgniter\CodeIgniter))
 9 FCPATH\index.php(56): CodeIgniter\Boot::bootWeb(Object(Config\Paths))
CRITICAL - 2024-12-04 14:58:42 --> ErrorException: Undefined array key "fotografias"
[Method: GET, Route: fotografia/0]
in APPPATH\Views\fotografia\show.php on line 10.
 1 APPPATH\Views\fotografia\show.php(10): CodeIgniter\Debug\Exceptions->errorHandler(2, 'Undefined array key "fotografias"', 'C:\\laragon\\www\\fotobook\\app\\Views\\fotografia\\show.php', 10)
 2 SYSTEMPATH\View\View.php(234): include('C:\\laragon\\www\\fotobook\\app\\Views\\fotografia\\show.php')
 3 SYSTEMPATH\View\View.php(237): CodeIgniter\View\View->CodeIgniter\View\{closure}()
 4 SYSTEMPATH\Common.php(1171): CodeIgniter\View\View->render('fotografia/show', [], true)
 5 APPPATH\Controllers\FotografiaController.php(38): view('fotografia/show', [...])
 6 SYSTEMPATH\CodeIgniter.php(933): App\Controllers\FotografiaController->show('0')
 7 SYSTEMPATH\CodeIgniter.php(509): CodeIgniter\CodeIgniter->runController(Object(App\Controllers\FotografiaController))
 8 SYSTEMPATH\CodeIgniter.php(355): CodeIgniter\CodeIgniter->handleRequest(null, Object(Config\Cache), false)
 9 SYSTEMPATH\Boot.php(325): CodeIgniter\CodeIgniter->run()
10 SYSTEMPATH\Boot.php(67): CodeIgniter\Boot::runCodeIgniter(Object(CodeIgniter\CodeIgniter))
11 FCPATH\index.php(56): CodeIgniter\Boot::bootWeb(Object(Config\Paths))
CRITICAL - 2024-12-04 15:00:31 --> ErrorException: Undefined array key "fotografias"
[Method: GET, Route: fotografia/2]
in APPPATH\Views\fotografia\show.php on line 10.
 1 APPPATH\Views\fotografia\show.php(10): CodeIgniter\Debug\Exceptions->errorHandler(2, 'Undefined array key "fotografias"', 'C:\\laragon\\www\\fotobook\\app\\Views\\fotografia\\show.php', 10)
 2 SYSTEMPATH\View\View.php(234): include('C:\\laragon\\www\\fotobook\\app\\Views\\fotografia\\show.php')
 3 SYSTEMPATH\View\View.php(237): CodeIgniter\View\View->CodeIgniter\View\{closure}()
 4 SYSTEMPATH\Common.php(1171): CodeIgniter\View\View->render('fotografia/show', [], true)
 5 APPPATH\Controllers\FotografiaController.php(38): view('fotografia/show', [...])
 6 SYSTEMPATH\CodeIgniter.php(933): App\Controllers\FotografiaController->show('2')
 7 SYSTEMPATH\CodeIgniter.php(509): CodeIgniter\CodeIgniter->runController(Object(App\Controllers\FotografiaController))
 8 SYSTEMPATH\CodeIgniter.php(355): CodeIgniter\CodeIgniter->handleRequest(null, Object(Config\Cache), false)
 9 SYSTEMPATH\Boot.php(325): CodeIgniter\CodeIgniter->run()
10 SYSTEMPATH\Boot.php(67): CodeIgniter\Boot::runCodeIgniter(Object(CodeIgniter\CodeIgniter))
11 FCPATH\index.php(56): CodeIgniter\Boot::bootWeb(Object(Config\Paths))
CRITICAL - 2024-12-04 15:01:10 --> ErrorException: Undefined array key "fotografias"
[Method: GET, Route: fotografia/2]
in APPPATH\Views\fotografia\show.php on line 10.
 1 APPPATH\Views\fotografia\show.php(10): CodeIgniter\Debug\Exceptions->errorHandler(2, 'Undefined array key "fotografias"', 'C:\\laragon\\www\\fotobook\\app\\Views\\fotografia\\show.php', 10)
 2 SYSTEMPATH\View\View.php(234): include('C:\\laragon\\www\\fotobook\\app\\Views\\fotografia\\show.php')
 3 SYSTEMPATH\View\View.php(237): CodeIgniter\View\View->CodeIgniter\View\{closure}()
 4 SYSTEMPATH\Common.php(1171): CodeIgniter\View\View->render('fotografia/show', [], true)
 5 APPPATH\Controllers\FotografiaController.php(38): view('fotografia/show', [...])
 6 SYSTEMPATH\CodeIgniter.php(933): App\Controllers\FotografiaController->show('2')
 7 SYSTEMPATH\CodeIgniter.php(509): CodeIgniter\CodeIgniter->runController(Object(App\Controllers\FotografiaController))
 8 SYSTEMPATH\CodeIgniter.php(355): CodeIgniter\CodeIgniter->handleRequest(null, Object(Config\Cache), false)
 9 SYSTEMPATH\Boot.php(325): CodeIgniter\CodeIgniter->run()
10 SYSTEMPATH\Boot.php(67): CodeIgniter\Boot::runCodeIgniter(Object(CodeIgniter\CodeIgniter))
11 FCPATH\index.php(56): CodeIgniter\Boot::bootWeb(Object(Config\Paths))
CRITICAL - 2024-12-04 15:03:11 --> CodeIgniter\View\Exceptions\ViewException: Invalid file: "fotografias/edit.php"
[Method: GET, Route: fotografia/1/edit]
in SYSTEMPATH\Exceptions\FrameworkException.php on line 41.
 1 SYSTEMPATH\View\View.php(222): CodeIgniter\Exceptions\FrameworkException::forInvalidFile('fotografias/edit.php')
 2 SYSTEMPATH\Common.php(1171): CodeIgniter\View\View->render('fotografias/edit', [], true)
 3 APPPATH\Controllers\FotografiaController.php(74): view('fotografias/edit', [...])
 4 SYSTEMPATH\CodeIgniter.php(933): App\Controllers\FotografiaController->edit('1')
 5 SYSTEMPATH\CodeIgniter.php(509): CodeIgniter\CodeIgniter->runController(Object(App\Controllers\FotografiaController))
 6 SYSTEMPATH\CodeIgniter.php(355): CodeIgniter\CodeIgniter->handleRequest(null, Object(Config\Cache), false)
 7 SYSTEMPATH\Boot.php(325): CodeIgniter\CodeIgniter->run()
 8 SYSTEMPATH\Boot.php(67): CodeIgniter\Boot::runCodeIgniter(Object(CodeIgniter\CodeIgniter))
 9 FCPATH\index.php(56): CodeIgniter\Boot::bootWeb(Object(Config\Paths))
CRITICAL - 2024-12-04 15:03:50 --> CodeIgniter\View\Exceptions\ViewException: Invalid file: "fotografias/edit.php"
[Method: GET, Route: fotografia/1/edit]
in SYSTEMPATH\Exceptions\FrameworkException.php on line 41.
 1 SYSTEMPATH\View\View.php(222): CodeIgniter\Exceptions\FrameworkException::forInvalidFile('fotografias/edit.php')
 2 SYSTEMPATH\Common.php(1171): CodeIgniter\View\View->render('fotografias/edit', [], true)
 3 APPPATH\Controllers\FotografiaController.php(74): view('fotografias/edit', [...])
 4 SYSTEMPATH\CodeIgniter.php(933): App\Controllers\FotografiaController->edit('1')
 5 SYSTEMPATH\CodeIgniter.php(509): CodeIgniter\CodeIgniter->runController(Object(App\Controllers\FotografiaController))
 6 SYSTEMPATH\CodeIgniter.php(355): CodeIgniter\CodeIgniter->handleRequest(null, Object(Config\Cache), false)
 7 SYSTEMPATH\Boot.php(325): CodeIgniter\CodeIgniter->run()
 8 SYSTEMPATH\Boot.php(67): CodeIgniter\Boot::runCodeIgniter(Object(CodeIgniter\CodeIgniter))
 9 FCPATH\index.php(56): CodeIgniter\Boot::bootWeb(Object(Config\Paths))
