CRITICAL - 2024-10-30 14:23:28 --> CodeIgniter\View\Exceptions\ViewException: Invalid file: "compotenes/header.php"
[Method: GET, Route: plantilla]
in SYSTEMPATH\Exceptions\FrameworkException.php on line 41.
 1 SYSTEMPATH\View\View.php(222): CodeIgniter\Exceptions\FrameworkException::forInvalidFile('compotenes/header.php')
 2 SYSTEMPATH\View\View.php(487): CodeIgniter\View\View->render('compotenes/header.php', null, true)
 3 APPPATH\Views\plantilla.php(23): CodeIgniter\View\View->include('compotenes/header.php')
 4 SYSTEMPATH\View\View.php(234): include('C:\\laragon\\www\\fotobook\\app\\Views\\plantilla.php')
 5 SYSTEMPATH\View\View.php(237): CodeIgniter\View\View->CodeIgniter\View\{closure}()
 6 SYSTEMPATH\Common.php(1171): CodeIgniter\View\View->render('plantilla', [], true)
 7 APPPATH\Controllers\Home.php(60): view('plantilla')
 8 SYSTEMPATH\CodeIgniter.php(933): App\Controllers\Home->plantilla()
 9 SYSTEMPATH\CodeIgniter.php(509): CodeIgniter\CodeIgniter->runController(Object(App\Controllers\Home))
10 SYSTEMPATH\CodeIgniter.php(355): CodeIgniter\CodeIgniter->handleRequest(null, Object(Config\Cache), false)
11 SYSTEMPATH\Boot.php(325): CodeIgniter\CodeIgniter->run()
12 SYSTEMPATH\Boot.php(67): CodeIgniter\Boot::runCodeIgniter(Object(CodeIgniter\CodeIgniter))
13 FCPATH\index.php(56): CodeIgniter\Boot::bootWeb(Object(Config\Paths))
CRITICAL - 2024-10-30 14:24:06 --> CodeIgniter\View\Exceptions\ViewException: Invalid file: "componentes/header.php"
[Method: GET, Route: plantilla]
in SYSTEMPATH\Exceptions\FrameworkException.php on line 41.
 1 SYSTEMPATH\View\View.php(222): CodeIgniter\Exceptions\FrameworkException::forInvalidFile('componentes/header.php')
 2 SYSTEMPATH\View\View.php(487): CodeIgniter\View\View->render('componentes/header.php', null, true)
 3 APPPATH\Views\plantilla.php(23): CodeIgniter\View\View->include('componentes/header.php')
 4 SYSTEMPATH\View\View.php(234): include('C:\\laragon\\www\\fotobook\\app\\Views\\plantilla.php')
 5 SYSTEMPATH\View\View.php(237): CodeIgniter\View\View->CodeIgniter\View\{closure}()
 6 SYSTEMPATH\Common.php(1171): CodeIgniter\View\View->render('plantilla', [], true)
 7 APPPATH\Controllers\Home.php(60): view('plantilla')
 8 SYSTEMPATH\CodeIgniter.php(933): App\Controllers\Home->plantilla()
 9 SYSTEMPATH\CodeIgniter.php(509): CodeIgniter\CodeIgniter->runController(Object(App\Controllers\Home))
10 SYSTEMPATH\CodeIgniter.php(355): CodeIgniter\CodeIgniter->handleRequest(null, Object(Config\Cache), false)
11 SYSTEMPATH\Boot.php(325): CodeIgniter\CodeIgniter->run()
12 SYSTEMPATH\Boot.php(67): CodeIgniter\Boot::runCodeIgniter(Object(CodeIgniter\CodeIgniter))
13 FCPATH\index.php(56): CodeIgniter\Boot::bootWeb(Object(Config\Paths))
CRITICAL - 2024-10-30 14:24:51 --> CodeIgniter\View\Exceptions\ViewException: Invalid file: "componentes/header.php"
[Method: GET, Route: plantilla]
in SYSTEMPATH\Exceptions\FrameworkException.php on line 41.
 1 SYSTEMPATH\View\View.php(222): CodeIgniter\Exceptions\FrameworkException::forInvalidFile('componentes/header.php')
 2 SYSTEMPATH\View\View.php(487): CodeIgniter\View\View->render('componentes/header.php', null, true)
 3 APPPATH\Views\plantilla.php(23): CodeIgniter\View\View->include('componentes/header.php')
 4 SYSTEMPATH\View\View.php(234): include('C:\\laragon\\www\\fotobook\\app\\Views\\plantilla.php')
 5 SYSTEMPATH\View\View.php(237): CodeIgniter\View\View->CodeIgniter\View\{closure}()
 6 SYSTEMPATH\Common.php(1171): CodeIgniter\View\View->render('plantilla', [], true)
 7 APPPATH\Controllers\Home.php(60): view('plantilla')
 8 SYSTEMPATH\CodeIgniter.php(933): App\Controllers\Home->plantilla()
 9 SYSTEMPATH\CodeIgniter.php(509): CodeIgniter\CodeIgniter->runController(Object(App\Controllers\Home))
10 SYSTEMPATH\CodeIgniter.php(355): CodeIgniter\CodeIgniter->handleRequest(null, Object(Config\Cache), false)
11 SYSTEMPATH\Boot.php(325): CodeIgniter\CodeIgniter->run()
12 SYSTEMPATH\Boot.php(67): CodeIgniter\Boot::runCodeIgniter(Object(CodeIgniter\CodeIgniter))
13 FCPATH\index.php(56): CodeIgniter\Boot::bootWeb(Object(Config\Paths))
CRITICAL - 2024-10-30 14:26:53 --> CodeIgniter\View\Exceptions\ViewException: Invalid file: "componentes/header.php"
[Method: GET, Route: plantilla]
in SYSTEMPATH\Exceptions\FrameworkException.php on line 41.
 1 SYSTEMPATH\View\View.php(222): CodeIgniter\Exceptions\FrameworkException::forInvalidFile('componentes/header.php')
 2 SYSTEMPATH\View\View.php(487): CodeIgniter\View\View->render('componentes/header', null, true)
 3 APPPATH\Views\plantilla.php(23): CodeIgniter\View\View->include('componentes/header')
 4 SYSTEMPATH\View\View.php(234): include('C:\\laragon\\www\\fotobook\\app\\Views\\plantilla.php')
 5 SYSTEMPATH\View\View.php(237): CodeIgniter\View\View->CodeIgniter\View\{closure}()
 6 SYSTEMPATH\Common.php(1171): CodeIgniter\View\View->render('plantilla', [], true)
 7 APPPATH\Controllers\Home.php(60): view('plantilla')
 8 SYSTEMPATH\CodeIgniter.php(933): App\Controllers\Home->plantilla()
 9 SYSTEMPATH\CodeIgniter.php(509): CodeIgniter\CodeIgniter->runController(Object(App\Controllers\Home))
10 SYSTEMPATH\CodeIgniter.php(355): CodeIgniter\CodeIgniter->handleRequest(null, Object(Config\Cache), false)
11 SYSTEMPATH\Boot.php(325): CodeIgniter\CodeIgniter->run()
12 SYSTEMPATH\Boot.php(67): CodeIgniter\Boot::runCodeIgniter(Object(CodeIgniter\CodeIgniter))
13 FCPATH\index.php(56): CodeIgniter\Boot::bootWeb(Object(Config\Paths))
CRITICAL - 2024-10-30 14:26:55 --> CodeIgniter\View\Exceptions\ViewException: Invalid file: "componentes/header.php"
[Method: GET, Route: plantilla]
in SYSTEMPATH\Exceptions\FrameworkException.php on line 41.
 1 SYSTEMPATH\View\View.php(222): CodeIgniter\Exceptions\FrameworkException::forInvalidFile('componentes/header.php')
 2 SYSTEMPATH\View\View.php(487): CodeIgniter\View\View->render('componentes/header', null, true)
 3 APPPATH\Views\plantilla.php(23): CodeIgniter\View\View->include('componentes/header')
 4 SYSTEMPATH\View\View.php(234): include('C:\\laragon\\www\\fotobook\\app\\Views\\plantilla.php')
 5 SYSTEMPATH\View\View.php(237): CodeIgniter\View\View->CodeIgniter\View\{closure}()
 6 SYSTEMPATH\Common.php(1171): CodeIgniter\View\View->render('plantilla', [], true)
 7 APPPATH\Controllers\Home.php(60): view('plantilla')
 8 SYSTEMPATH\CodeIgniter.php(933): App\Controllers\Home->plantilla()
 9 SYSTEMPATH\CodeIgniter.php(509): CodeIgniter\CodeIgniter->runController(Object(App\Controllers\Home))
10 SYSTEMPATH\CodeIgniter.php(355): CodeIgniter\CodeIgniter->handleRequest(null, Object(Config\Cache), false)
11 SYSTEMPATH\Boot.php(325): CodeIgniter\CodeIgniter->run()
12 SYSTEMPATH\Boot.php(67): CodeIgniter\Boot::runCodeIgniter(Object(CodeIgniter\CodeIgniter))
13 FCPATH\index.php(56): CodeIgniter\Boot::bootWeb(Object(Config\Paths))
CRITICAL - 2024-10-30 14:26:55 --> CodeIgniter\View\Exceptions\ViewException: Invalid file: "componentes/header.php"
[Method: GET, Route: plantilla]
in SYSTEMPATH\Exceptions\FrameworkException.php on line 41.
 1 SYSTEMPATH\View\View.php(222): CodeIgniter\Exceptions\FrameworkException::forInvalidFile('componentes/header.php')
 2 SYSTEMPATH\View\View.php(487): CodeIgniter\View\View->render('componentes/header', null, true)
 3 APPPATH\Views\plantilla.php(23): CodeIgniter\View\View->include('componentes/header')
 4 SYSTEMPATH\View\View.php(234): include('C:\\laragon\\www\\fotobook\\app\\Views\\plantilla.php')
 5 SYSTEMPATH\View\View.php(237): CodeIgniter\View\View->CodeIgniter\View\{closure}()
 6 SYSTEMPATH\Common.php(1171): CodeIgniter\View\View->render('plantilla', [], true)
 7 APPPATH\Controllers\Home.php(60): view('plantilla')
 8 SYSTEMPATH\CodeIgniter.php(933): App\Controllers\Home->plantilla()
 9 SYSTEMPATH\CodeIgniter.php(509): CodeIgniter\CodeIgniter->runController(Object(App\Controllers\Home))
10 SYSTEMPATH\CodeIgniter.php(355): CodeIgniter\CodeIgniter->handleRequest(null, Object(Config\Cache), false)
11 SYSTEMPATH\Boot.php(325): CodeIgniter\CodeIgniter->run()
12 SYSTEMPATH\Boot.php(67): CodeIgniter\Boot::runCodeIgniter(Object(CodeIgniter\CodeIgniter))
13 FCPATH\index.php(56): CodeIgniter\Boot::bootWeb(Object(Config\Paths))
CRITICAL - 2024-10-30 14:27:26 --> CodeIgniter\View\Exceptions\ViewException: Invalid file: "componentes/header.php"
[Method: GET, Route: plantilla]
in SYSTEMPATH\Exceptions\FrameworkException.php on line 41.
 1 SYSTEMPATH\View\View.php(222): CodeIgniter\Exceptions\FrameworkException::forInvalidFile('componentes/header.php')
 2 SYSTEMPATH\View\View.php(487): CodeIgniter\View\View->render('componentes/header', null, true)
 3 APPPATH\Views\plantilla.php(24): CodeIgniter\View\View->include('componentes/header')
 4 SYSTEMPATH\View\View.php(234): include('C:\\laragon\\www\\fotobook\\app\\Views\\plantilla.php')
 5 SYSTEMPATH\View\View.php(237): CodeIgniter\View\View->CodeIgniter\View\{closure}()
 6 SYSTEMPATH\Common.php(1171): CodeIgniter\View\View->render('plantilla', [], true)
 7 APPPATH\Controllers\Home.php(60): view('plantilla')
 8 SYSTEMPATH\CodeIgniter.php(933): App\Controllers\Home->plantilla()
 9 SYSTEMPATH\CodeIgniter.php(509): CodeIgniter\CodeIgniter->runController(Object(App\Controllers\Home))
10 SYSTEMPATH\CodeIgniter.php(355): CodeIgniter\CodeIgniter->handleRequest(null, Object(Config\Cache), false)
11 SYSTEMPATH\Boot.php(325): CodeIgniter\CodeIgniter->run()
12 SYSTEMPATH\Boot.php(67): CodeIgniter\Boot::runCodeIgniter(Object(CodeIgniter\CodeIgniter))
13 FCPATH\index.php(56): CodeIgniter\Boot::bootWeb(Object(Config\Paths))
CRITICAL - 2024-10-30 14:29:25 --> CodeIgniter\View\Exceptions\ViewException: Invalid file: "componentes/header.php"
[Method: GET, Route: plantilla]
in SYSTEMPATH\Exceptions\FrameworkException.php on line 41.
 1 SYSTEMPATH\View\View.php(222): CodeIgniter\Exceptions\FrameworkException::forInvalidFile('componentes/header.php')
 2 SYSTEMPATH\View\View.php(487): CodeIgniter\View\View->render('componentes/header', null, true)
 3 APPPATH\Views\plantilla.php(24): CodeIgniter\View\View->include('componentes/header')
 4 SYSTEMPATH\View\View.php(234): include('C:\\laragon\\www\\fotobook\\app\\Views\\plantilla.php')
 5 SYSTEMPATH\View\View.php(237): CodeIgniter\View\View->CodeIgniter\View\{closure}()
 6 SYSTEMPATH\Common.php(1171): CodeIgniter\View\View->render('plantilla', [], true)
 7 APPPATH\Controllers\Home.php(60): view('plantilla')
 8 SYSTEMPATH\CodeIgniter.php(933): App\Controllers\Home->plantilla()
 9 SYSTEMPATH\CodeIgniter.php(509): CodeIgniter\CodeIgniter->runController(Object(App\Controllers\Home))
10 SYSTEMPATH\CodeIgniter.php(355): CodeIgniter\CodeIgniter->handleRequest(null, Object(Config\Cache), false)
11 SYSTEMPATH\Boot.php(325): CodeIgniter\CodeIgniter->run()
12 SYSTEMPATH\Boot.php(67): CodeIgniter\Boot::runCodeIgniter(Object(CodeIgniter\CodeIgniter))
13 FCPATH\index.php(56): CodeIgniter\Boot::bootWeb(Object(Config\Paths))
